{"numFailedTestSuites":20,"numFailedTests":132,"numPassedTestSuites":7,"numPassedTests":235,"numPendingTestSuites":0,"numPendingTests":0,"numRuntimeErrorTestSuites":3,"numTodoTests":0,"numTotalTestSuites":27,"numTotalTests":367,"openHandles":[],"snapshot":{"added":0,"didUpdate":false,"failure":false,"filesAdded":0,"filesRemoved":0,"filesRemovedList":[],"filesUnmatched":0,"filesUpdated":0,"matched":0,"total":0,"unchecked":0,"uncheckedKeysByFile":[],"unmatched":0,"updated":0},"startTime":1755212347144,"success":false,"testResults":[{"assertionResults":[{"ancestorTitles":["Validation Framework Integration","StorageValidation Integration"],"duration":1275,"failureDetails":[],"failureMessages":[],"fullName":"Validation Framework Integration StorageValidation Integration should validate a complete storage implementation","invocations":1,"location":null,"numPassingAsserts":12,"retryReasons":[],"status":"passed","title":"should validate a complete storage implementation"},{"ancestorTitles":["Validation Framework Integration","StorageValidation Integration"],"duration":4042,"failureDetails":[],"failureMessages":[],"fullName":"Validation Framework Integration StorageValidation Integration should generate comparison reports across multiple modes","invocations":1,"location":null,"numPassingAsserts":4,"retryReasons":[],"status":"passed","title":"should generate comparison reports across multiple modes"},{"ancestorTitles":["Validation Framework Integration","InterfaceComplianceTests Integration"],"duration":20,"failureDetails":[],"failureMessages":[],"fullName":"Validation Framework Integration InterfaceComplianceTests Integration should test interface compliance across all providers","invocations":1,"location":null,"numPassingAsserts":7,"retryReasons":[],"status":"passed","title":"should test interface compliance across all providers"},{"ancestorTitles":["Validation Framework Integration","InterfaceComplianceTests Integration"],"duration":9,"failureDetails":[],"failureMessages":[],"fullName":"Validation Framework Integration InterfaceComplianceTests Integration should generate detailed compliance reports","invocations":1,"location":null,"numPassingAsserts":3,"retryReasons":[],"status":"passed","title":"should generate detailed compliance reports"},{"ancestorTitles":["Validation Framework Integration","AutomatedTestSuite Integration"],"duration":4159,"failureDetails":[],"failureMessages":[],"fullName":"Validation Framework Integration AutomatedTestSuite Integration should run complete test suite for multiple modes","invocations":1,"location":null,"numPassingAsserts":8,"retryReasons":[],"status":"passed","title":"should run complete test suite for multiple modes"},{"ancestorTitles":["Validation Framework Integration","AutomatedTestSuite Integration"],"duration":4073,"failureDetails":[],"failureMessages":[],"fullName":"Validation Framework Integration AutomatedTestSuite Integration should perform cross-mode comparison analysis","invocations":1,"location":null,"numPassingAsserts":4,"retryReasons":[],"status":"passed","title":"should perform cross-mode comparison analysis"},{"ancestorTitles":["Validation Framework Integration","AutomatedTestSuite Integration"],"duration":1233,"failureDetails":[{"matcherResult":{"actual":false,"expected":true,"message":"\u001b[2mexpect(\u001b[22m\u001b[31mreceived\u001b[39m\u001b[2m).\u001b[22mtoBe\u001b[2m(\u001b[22m\u001b[32mexpected\u001b[39m\u001b[2m) // Object.is equality\u001b[22m\n\nExpected: \u001b[32mtrue\u001b[39m\nReceived: \u001b[31mfalse\u001b[39m","name":"toBe","pass":false}}],"failureMessages":["Error: \u001b[2mexpect(\u001b[22m\u001b[31mreceived\u001b[39m\u001b[2m).\u001b[22mtoBe\u001b[2m(\u001b[22m\u001b[32mexpected\u001b[39m\u001b[2m) // Object.is equality\u001b[22m\n\nExpected: \u001b[32mtrue\u001b[39m\nReceived: \u001b[31mfalse\u001b[39m\n    at Object.toBe (D:\\Workfolio\\Projects\\Budgeteer\\src\\services\\storage\\validation\\__tests__\\ValidationFramework.integration.test.ts:332:100)\n    at Generator.next (<anonymous>)\n    at asyncGeneratorStep (D:\\Workfolio\\Projects\\Budgeteer\\node_modules\\@babel\\runtime\\helpers\\asyncToGenerator.js:3:17)\n    at _next (D:\\Workfolio\\Projects\\Budgeteer\\node_modules\\@babel\\runtime\\helpers\\asyncToGenerator.js:17:9)"],"fullName":"Validation Framework Integration AutomatedTestSuite Integration should generate appropriate recommendations","invocations":1,"location":null,"numPassingAsserts":2,"retryReasons":[],"status":"failed","title":"should generate appropriate recommendations"},{"ancestorTitles":["Validation Framework Integration","ValidationUtils Integration"],"duration":1177,"failureDetails":[],"failureMessages":[],"fullName":"Validation Framework Integration ValidationUtils Integration should perform quick validation","invocations":1,"location":null,"numPassingAsserts":2,"retryReasons":[],"status":"passed","title":"should perform quick validation"},{"ancestorTitles":["Validation Framework Integration","ValidationUtils Integration"],"duration":17,"failureDetails":[],"failureMessages":[],"fullName":"Validation Framework Integration ValidationUtils Integration should test all mode compliance","invocations":1,"location":null,"numPassingAsserts":5,"retryReasons":[],"status":"passed","title":"should test all mode compliance"},{"ancestorTitles":["Validation Framework Integration","ValidationUtils Integration"],"duration":9215,"failureDetails":[],"failureMessages":[],"fullName":"Validation Framework Integration ValidationUtils Integration should run full validation suite","invocations":1,"location":null,"numPassingAsserts":4,"retryReasons":[],"status":"passed","title":"should run full validation suite"},{"ancestorTitles":["Validation Framework Integration","ValidationUtils Integration"],"duration":4134,"failureDetails":[],"failureMessages":[],"fullName":"Validation Framework Integration ValidationUtils Integration should run development validation","invocations":1,"location":null,"numPassingAsserts":4,"retryReasons":[],"status":"passed","title":"should run development validation"},{"ancestorTitles":["Validation Framework Integration","Performance and Reliability"],"duration":1205,"failureDetails":[],"failureMessages":[],"fullName":"Validation Framework Integration Performance and Reliability should handle concurrent validations","invocations":1,"location":null,"numPassingAsserts":2,"retryReasons":[],"status":"passed","title":"should handle concurrent validations"},{"ancestorTitles":["Validation Framework Integration","Performance and Reliability"],"duration":4298,"failureDetails":[],"failureMessages":[],"fullName":"Validation Framework Integration Performance and Reliability should measure and report performance differences","invocations":1,"location":null,"numPassingAsserts":59,"retryReasons":[],"status":"passed","title":"should measure and report performance differences"},{"ancestorTitles":["Validation Framework Integration","Performance and Reliability"],"duration":1223,"failureDetails":[],"failureMessages":[],"fullName":"Validation Framework Integration Performance and Reliability should handle large-scale validation efficiently","invocations":1,"location":null,"numPassingAsserts":46,"retryReasons":[],"status":"passed","title":"should handle large-scale validation efficiently"},{"ancestorTitles":["Validation Framework Integration","Error Handling and Edge Cases"],"duration":985,"failureDetails":[],"failureMessages":[],"fullName":"Validation Framework Integration Error Handling and Edge Cases should handle provider failures gracefully","invocations":1,"location":null,"numPassingAsserts":3,"retryReasons":[],"status":"passed","title":"should handle provider failures gracefully"},{"ancestorTitles":["Validation Framework Integration","Error Handling and Edge Cases"],"duration":3048,"failureDetails":[],"failureMessages":[],"fullName":"Validation Framework Integration Error Handling and Edge Cases should handle mode switching failures","invocations":1,"location":null,"numPassingAsserts":2,"retryReasons":[],"status":"passed","title":"should handle mode switching failures"},{"ancestorTitles":["Validation Framework Integration","Error Handling and Edge Cases"],"duration":5,"failureDetails":[],"failureMessages":[],"fullName":"Validation Framework Integration Error Handling and Edge Cases should validate empty or minimal providers","invocations":1,"location":null,"numPassingAsserts":2,"retryReasons":[],"status":"passed","title":"should validate empty or minimal providers"},{"ancestorTitles":["Validation Framework Integration","Real-world Scenarios"],"duration":10455,"failureDetails":[],"failureMessages":[],"fullName":"Validation Framework Integration Real-world Scenarios should simulate a typical development workflow","invocations":1,"location":null,"numPassingAsserts":4,"retryReasons":[],"status":"passed","title":"should simulate a typical development workflow"},{"ancestorTitles":["Validation Framework Integration","Real-world Scenarios"],"duration":4077,"failureDetails":[],"failureMessages":[],"fullName":"Validation Framework Integration Real-world Scenarios should provide actionable feedback for developers","invocations":1,"location":null,"numPassingAsserts":5,"retryReasons":[],"status":"passed","title":"should provide actionable feedback for developers"},{"ancestorTitles":["Validation Framework Integration","Real-world Scenarios"],"duration":4324,"failureDetails":[],"failureMessages":[],"fullName":"Validation Framework Integration Real-world Scenarios should support continuous integration workflows","invocations":1,"location":null,"numPassingAsserts":5,"retryReasons":[],"status":"passed","title":"should support continuous integration workflows"}],"endTime":1755212408343,"message":"\u001b[1m\u001b[31m  \u001b[1m● \u001b[22m\u001b[1mValidation Framework Integration › AutomatedTestSuite Integration › should generate appropriate recommendations\u001b[39m\u001b[22m\n\n    \u001b[2mexpect(\u001b[22m\u001b[31mreceived\u001b[39m\u001b[2m).\u001b[22mtoBe\u001b[2m(\u001b[22m\u001b[32mexpected\u001b[39m\u001b[2m) // Object.is equality\u001b[22m\n\n    Expected: \u001b[32mtrue\u001b[39m\n    Received: \u001b[31mfalse\u001b[39m\n\u001b[2m\u001b[22m\n\u001b[2m    \u001b[0m \u001b[90m 330 |\u001b[39m       \u001b[22m\n\u001b[2m     \u001b[90m 331 |\u001b[39m       \u001b[90m// With our realistic mocks, should get positive feedback\u001b[39m\u001b[22m\n\u001b[2m    \u001b[31m\u001b[1m>\u001b[22m\u001b[2m\u001b[39m\u001b[90m 332 |\u001b[39m       expect(report\u001b[33m.\u001b[39mrecommendations\u001b[33m.\u001b[39msome(r \u001b[33m=>\u001b[39m r\u001b[33m.\u001b[39mincludes(\u001b[32m'Great job'\u001b[39m) \u001b[33m||\u001b[39m r\u001b[33m.\u001b[39mincludes(\u001b[32m'correctly'\u001b[39m)))\u001b[33m.\u001b[39mtoBe(\u001b[36mtrue\u001b[39m)\u001b[33m;\u001b[39m\u001b[22m\n\u001b[2m     \u001b[90m     |\u001b[39m                                                                                                    \u001b[31m\u001b[1m^\u001b[22m\u001b[2m\u001b[39m\u001b[22m\n\u001b[2m     \u001b[90m 333 |\u001b[39m     })\u001b[33m;\u001b[39m\u001b[22m\n\u001b[2m     \u001b[90m 334 |\u001b[39m   })\u001b[33m;\u001b[39m\u001b[22m\n\u001b[2m     \u001b[90m 335 |\u001b[39m\u001b[0m\u001b[22m\n\u001b[2m\u001b[22m\n\u001b[2m      \u001b[2mat Object.toBe (\u001b[22m\u001b[2m\u001b[0m\u001b[36msrc/services/storage/validation/__tests__/ValidationFramework.integration.test.ts\u001b[39m\u001b[0m\u001b[2m:332:100)\u001b[22m\u001b[2m\u001b[22m\n\u001b[2m      \u001b[2mat asyncGeneratorStep (\u001b[22m\u001b[2mnode_modules/@babel/runtime/helpers/asyncToGenerator.js\u001b[2m:3:17)\u001b[22m\u001b[2m\u001b[22m\n\u001b[2m      \u001b[2mat _next (\u001b[22m\u001b[2mnode_modules/@babel/runtime/helpers/asyncToGenerator.js\u001b[2m:17:9)\u001b[22m\u001b[2m\u001b[22m\n","name":"D:\\Workfolio\\Projects\\Budgeteer\\src\\services\\storage\\validation\\__tests__\\ValidationFramework.integration.test.ts","startTime":1755212348332,"status":"failed","summary":""},{"assertionResults":[{"ancestorTitles":["TanStack Query Integration Tests","Basic Query Client Functionality"],"duration":2,"failureDetails":[],"failureMessages":[],"fullName":"TanStack Query Integration Tests Basic Query Client Functionality should create QueryClient with correct configuration","invocations":1,"location":null,"numPassingAsserts":4,"retryReasons":[],"status":"passed","title":"should create QueryClient with correct configuration"},{"ancestorTitles":["TanStack Query Integration Tests","Basic Query Client Functionality"],"duration":15,"failureDetails":[],"failureMessages":[],"fullName":"TanStack Query Integration Tests Basic Query Client Functionality should handle query cache operations","invocations":1,"location":null,"numPassingAsserts":1,"retryReasons":[],"status":"passed","title":"should handle query cache operations"},{"ancestorTitles":["TanStack Query Integration Tests","Basic Query Client Functionality"],"duration":3,"failureDetails":[],"failureMessages":[],"fullName":"TanStack Query Integration Tests Basic Query Client Functionality should handle cache invalidation","invocations":1,"location":null,"numPassingAsserts":1,"retryReasons":[],"status":"passed","title":"should handle cache invalidation"},{"ancestorTitles":["TanStack Query Integration Tests","Query Wrapper Functionality"],"duration":9,"failureDetails":[],"failureMessages":[],"fullName":"TanStack Query Integration Tests Query Wrapper Functionality should create wrapper component correctly","invocations":1,"location":null,"numPassingAsserts":2,"retryReasons":[],"status":"passed","title":"should create wrapper component correctly"},{"ancestorTitles":["TanStack Query Integration Tests","Query Wrapper Functionality"],"duration":2,"failureDetails":[{"matcherResult":{"message":"\u001b[2mexpect(\u001b[22m\u001b[31mreceived\u001b[39m\u001b[2m).\u001b[22mtoBeDefined\u001b[2m()\u001b[22m\n\nReceived: \u001b[31mundefined\u001b[39m","pass":false}}],"failureMessages":["Error: \u001b[2mexpect(\u001b[22m\u001b[31mreceived\u001b[39m\u001b[2m).\u001b[22mtoBeDefined\u001b[2m()\u001b[22m\n\nReceived: \u001b[31mundefined\u001b[39m\n    at Object.toBeDefined (D:\\Workfolio\\Projects\\Budgeteer\\src\\services\\repositories\\__tests__\\TanStackQueryIntegration.test.ts:86:32)\n    at Promise.then.completed (D:\\Workfolio\\Projects\\Budgeteer\\node_modules\\jest-circus\\build\\utils.js:298:28)\n    at new Promise (<anonymous>)\n    at callAsyncCircusFn (D:\\Workfolio\\Projects\\Budgeteer\\node_modules\\jest-circus\\build\\utils.js:231:10)\n    at _callCircusTest (D:\\Workfolio\\Projects\\Budgeteer\\node_modules\\jest-circus\\build\\run.js:316:40)\n    at _runTest (D:\\Workfolio\\Projects\\Budgeteer\\node_modules\\jest-circus\\build\\run.js:252:3)\n    at _runTestsForDescribeBlock (D:\\Workfolio\\Projects\\Budgeteer\\node_modules\\jest-circus\\build\\run.js:126:9)\n    at _runTestsForDescribeBlock (D:\\Workfolio\\Projects\\Budgeteer\\node_modules\\jest-circus\\build\\run.js:121:9)\n    at _runTestsForDescribeBlock (D:\\Workfolio\\Projects\\Budgeteer\\node_modules\\jest-circus\\build\\run.js:121:9)\n    at run (D:\\Workfolio\\Projects\\Budgeteer\\node_modules\\jest-circus\\build\\run.js:71:3)\n    at runAndTransformResultsToJestFormat (D:\\Workfolio\\Projects\\Budgeteer\\node_modules\\jest-circus\\build\\legacy-code-todo-rewrite\\jestAdapterInit.js:122:21)\n    at jestAdapter (D:\\Workfolio\\Projects\\Budgeteer\\node_modules\\jest-circus\\build\\legacy-code-todo-rewrite\\jestAdapter.js:79:19)\n    at runTestInternal (D:\\Workfolio\\Projects\\Budgeteer\\node_modules\\jest-runner\\build\\runTest.js:367:16)\n    at runTest (D:\\Workfolio\\Projects\\Budgeteer\\node_modules\\jest-runner\\build\\runTest.js:444:34)"],"fullName":"TanStack Query Integration Tests Query Wrapper Functionality should provide QueryClient context","invocations":1,"location":null,"numPassingAsserts":0,"retryReasons":[],"status":"failed","title":"should provide QueryClient context"},{"ancestorTitles":["TanStack Query Integration Tests","Mock Data Creation"],"duration":2,"failureDetails":[],"failureMessages":[],"fullName":"TanStack Query Integration Tests Mock Data Creation should create mock account correctly","invocations":1,"location":null,"numPassingAsserts":5,"retryReasons":[],"status":"passed","title":"should create mock account correctly"},{"ancestorTitles":["TanStack Query Integration Tests","Mock Data Creation"],"duration":5,"failureDetails":[],"failureMessages":[],"fullName":"TanStack Query Integration Tests Mock Data Creation should create mock account with overrides","invocations":1,"location":null,"numPassingAsserts":3,"retryReasons":[],"status":"passed","title":"should create mock account with overrides"},{"ancestorTitles":["TanStack Query Integration Tests","Mock Data Creation"],"duration":2,"failureDetails":[],"failureMessages":[],"fullName":"TanStack Query Integration Tests Mock Data Creation should create mock account category correctly","invocations":1,"location":null,"numPassingAsserts":5,"retryReasons":[],"status":"passed","title":"should create mock account category correctly"},{"ancestorTitles":["TanStack Query Integration Tests","Mock Data Creation"],"duration":2,"failureDetails":[],"failureMessages":[],"fullName":"TanStack Query Integration Tests Mock Data Creation should create mock transaction correctly","invocations":1,"location":null,"numPassingAsserts":6,"retryReasons":[],"status":"passed","title":"should create mock transaction correctly"},{"ancestorTitles":["TanStack Query Integration Tests","Query Cache Management"],"duration":2,"failureDetails":[],"failureMessages":[],"fullName":"TanStack Query Integration Tests Query Cache Management should handle multiple query keys","invocations":1,"location":null,"numPassingAsserts":2,"retryReasons":[],"status":"passed","title":"should handle multiple query keys"},{"ancestorTitles":["TanStack Query Integration Tests","Query Cache Management"],"duration":2,"failureDetails":[],"failureMessages":[],"fullName":"TanStack Query Integration Tests Query Cache Management should handle selective cache invalidation","invocations":1,"location":null,"numPassingAsserts":2,"retryReasons":[],"status":"passed","title":"should handle selective cache invalidation"},{"ancestorTitles":["TanStack Query Integration Tests","Query Cache Management"],"duration":6,"failureDetails":[],"failureMessages":[],"fullName":"TanStack Query Integration Tests Query Cache Management should handle cache clearing","invocations":1,"location":null,"numPassingAsserts":2,"retryReasons":[],"status":"passed","title":"should handle cache clearing"},{"ancestorTitles":["TanStack Query Integration Tests","Error Handling"],"duration":7,"failureDetails":[{}],"failureMessages":["Error: Test error\n    at Object.<anonymous> (D:\\Workfolio\\Projects\\Budgeteer\\src\\services\\repositories\\__tests__\\TanStackQueryIntegration.test.ts:184:26)\n    at Promise.then.completed (D:\\Workfolio\\Projects\\Budgeteer\\node_modules\\jest-circus\\build\\utils.js:298:28)\n    at new Promise (<anonymous>)\n    at callAsyncCircusFn (D:\\Workfolio\\Projects\\Budgeteer\\node_modules\\jest-circus\\build\\utils.js:231:10)\n    at _callCircusTest (D:\\Workfolio\\Projects\\Budgeteer\\node_modules\\jest-circus\\build\\run.js:316:40)\n    at _runTest (D:\\Workfolio\\Projects\\Budgeteer\\node_modules\\jest-circus\\build\\run.js:252:3)\n    at _runTestsForDescribeBlock (D:\\Workfolio\\Projects\\Budgeteer\\node_modules\\jest-circus\\build\\run.js:126:9)\n    at _runTestsForDescribeBlock (D:\\Workfolio\\Projects\\Budgeteer\\node_modules\\jest-circus\\build\\run.js:121:9)\n    at _runTestsForDescribeBlock (D:\\Workfolio\\Projects\\Budgeteer\\node_modules\\jest-circus\\build\\run.js:121:9)\n    at run (D:\\Workfolio\\Projects\\Budgeteer\\node_modules\\jest-circus\\build\\run.js:71:3)\n    at runAndTransformResultsToJestFormat (D:\\Workfolio\\Projects\\Budgeteer\\node_modules\\jest-circus\\build\\legacy-code-todo-rewrite\\jestAdapterInit.js:122:21)\n    at jestAdapter (D:\\Workfolio\\Projects\\Budgeteer\\node_modules\\jest-circus\\build\\legacy-code-todo-rewrite\\jestAdapter.js:79:19)\n    at runTestInternal (D:\\Workfolio\\Projects\\Budgeteer\\node_modules\\jest-runner\\build\\runTest.js:367:16)\n    at runTest (D:\\Workfolio\\Projects\\Budgeteer\\node_modules\\jest-runner\\build\\runTest.js:444:34)"],"fullName":"TanStack Query Integration Tests Error Handling should handle query errors in cache","invocations":1,"location":null,"numPassingAsserts":0,"retryReasons":[],"status":"failed","title":"should handle query errors in cache"},{"ancestorTitles":["TanStack Query Integration Tests","Error Handling"],"duration":6,"failureDetails":[],"failureMessages":[],"fullName":"TanStack Query Integration Tests Error Handling should handle invalid query keys","invocations":1,"location":null,"numPassingAsserts":2,"retryReasons":[],"status":"passed","title":"should handle invalid query keys"},{"ancestorTitles":["TanStack Query Integration Tests","Performance Considerations"],"duration":3,"failureDetails":[],"failureMessages":[],"fullName":"TanStack Query Integration Tests Performance Considerations should handle large datasets efficiently","invocations":1,"location":null,"numPassingAsserts":2,"retryReasons":[],"status":"passed","title":"should handle large datasets efficiently"},{"ancestorTitles":["TanStack Query Integration Tests","Performance Considerations"],"duration":5,"failureDetails":[],"failureMessages":[],"fullName":"TanStack Query Integration Tests Performance Considerations should handle concurrent cache operations","invocations":1,"location":null,"numPassingAsserts":10,"retryReasons":[],"status":"passed","title":"should handle concurrent cache operations"},{"ancestorTitles":["TanStack Query Integration Tests","Integration Readiness"],"duration":2,"failureDetails":[],"failureMessages":[],"fullName":"TanStack Query Integration Tests Integration Readiness should be ready for storage mode integration","invocations":1,"location":null,"numPassingAsserts":5,"retryReasons":[],"status":"passed","title":"should be ready for storage mode integration"},{"ancestorTitles":["TanStack Query Integration Tests","Integration Readiness"],"duration":4,"failureDetails":[],"failureMessages":[],"fullName":"TanStack Query Integration Tests Integration Readiness should support expected query patterns","invocations":1,"location":null,"numPassingAsserts":3,"retryReasons":[],"status":"passed","title":"should support expected query patterns"}],"endTime":1755212408757,"message":"\u001b[1m\u001b[31m  \u001b[1m● \u001b[22m\u001b[1mTanStack Query Integration Tests › Query Wrapper Functionality › should provide QueryClient context\u001b[39m\u001b[22m\n\n    \u001b[2mexpect(\u001b[22m\u001b[31mreceived\u001b[39m\u001b[2m).\u001b[22mtoBeDefined\u001b[2m()\u001b[22m\n\n    Received: \u001b[31mundefined\u001b[39m\n\u001b[2m\u001b[22m\n\u001b[2m    \u001b[0m \u001b[90m 84 |\u001b[39m       \u001b[36mconst\u001b[39m wrappedComponent \u001b[33m=\u001b[39m wrapper({ children\u001b[33m:\u001b[39m \u001b[33mTestComponent\u001b[39m })\u001b[33m;\u001b[39m\u001b[22m\n\u001b[2m     \u001b[90m 85 |\u001b[39m       \u001b[22m\n\u001b[2m    \u001b[31m\u001b[1m>\u001b[22m\u001b[2m\u001b[39m\u001b[90m 86 |\u001b[39m       expect(wrappedComponent)\u001b[33m.\u001b[39mtoBeDefined()\u001b[33m;\u001b[39m\u001b[22m\n\u001b[2m     \u001b[90m    |\u001b[39m                                \u001b[31m\u001b[1m^\u001b[22m\u001b[2m\u001b[39m\u001b[22m\n\u001b[2m     \u001b[90m 87 |\u001b[39m     })\u001b[33m;\u001b[39m\u001b[22m\n\u001b[2m     \u001b[90m 88 |\u001b[39m   })\u001b[33m;\u001b[39m\u001b[22m\n\u001b[2m     \u001b[90m 89 |\u001b[39m\u001b[0m\u001b[22m\n\u001b[2m\u001b[22m\n\u001b[2m      \u001b[2mat Object.toBeDefined (\u001b[22m\u001b[2m\u001b[0m\u001b[36msrc/services/repositories/__tests__/TanStackQueryIntegration.test.ts\u001b[39m\u001b[0m\u001b[2m:86:32)\u001b[22m\u001b[2m\u001b[22m\n\n\u001b[1m\u001b[31m  \u001b[1m● \u001b[22m\u001b[1mTanStack Query Integration Tests › Error Handling › should handle query errors in cache\u001b[39m\u001b[22m\n\n    Test error\n\u001b[2m\u001b[22m\n\u001b[2m    \u001b[0m \u001b[90m 182 |\u001b[39m   describe(\u001b[32m'Error Handling'\u001b[39m\u001b[33m,\u001b[39m () \u001b[33m=>\u001b[39m {\u001b[22m\n\u001b[2m     \u001b[90m 183 |\u001b[39m     test(\u001b[32m'should handle query errors in cache'\u001b[39m\u001b[33m,\u001b[39m () \u001b[33m=>\u001b[39m {\u001b[22m\n\u001b[2m    \u001b[31m\u001b[1m>\u001b[22m\u001b[2m\u001b[39m\u001b[90m 184 |\u001b[39m       \u001b[36mconst\u001b[39m queryError \u001b[33m=\u001b[39m \u001b[36mnew\u001b[39m \u001b[33mError\u001b[39m(\u001b[32m'Test error'\u001b[39m)\u001b[33m;\u001b[39m\u001b[22m\n\u001b[2m     \u001b[90m     |\u001b[39m                          \u001b[31m\u001b[1m^\u001b[22m\u001b[2m\u001b[39m\u001b[22m\n\u001b[2m     \u001b[90m 185 |\u001b[39m       \u001b[22m\n\u001b[2m     \u001b[90m 186 |\u001b[39m       \u001b[90m// Set error in cache\u001b[39m\u001b[22m\n\u001b[2m     \u001b[90m 187 |\u001b[39m       queryClient\u001b[33m.\u001b[39msetQueryData([\u001b[33mTableNames\u001b[39m\u001b[33m.\u001b[39m\u001b[33mAccounts\u001b[39m\u001b[33m,\u001b[39m \u001b[32m'tenant1'\u001b[39m]\u001b[33m,\u001b[39m () \u001b[33m=>\u001b[39m {\u001b[0m\u001b[22m\n\u001b[2m\u001b[22m\n\u001b[2m      \u001b[2mat Object.<anonymous> (\u001b[22m\u001b[2m\u001b[0m\u001b[36msrc/services/repositories/__tests__/TanStackQueryIntegration.test.ts\u001b[39m\u001b[0m\u001b[2m:184:26)\u001b[22m\u001b[2m\u001b[22m\n","name":"D:\\Workfolio\\Projects\\Budgeteer\\src\\services\\repositories\\__tests__\\TanStackQueryIntegration.test.ts","startTime":1755212408414,"status":"failed","summary":""},{"assertionResults":[{"ancestorTitles":["Update Transaction Helper"],"duration":2,"failureDetails":[],"failureMessages":[],"fullName":"Update Transaction Helper Should exit early if no changes are made","invocations":1,"location":null,"numPassingAsserts":2,"retryReasons":[],"status":"passed","title":"Should exit early if no changes are made"},{"ancestorTitles":["Update Transaction Helper"],"duration":2,"failureDetails":[],"failureMessages":[],"fullName":"Update Transaction Helper Should update non-account-affecting fields For Non Transfer","invocations":1,"location":null,"numPassingAsserts":3,"retryReasons":[],"status":"passed","title":"Should update non-account-affecting fields For Non Transfer"},{"ancestorTitles":["Update Transaction Helper"],"duration":4,"failureDetails":[],"failureMessages":[],"fullName":"Update Transaction Helper Should update non-account-affecting fields For Transfer should update both transactions","invocations":1,"location":null,"numPassingAsserts":4,"retryReasons":[],"status":"passed","title":"Should update non-account-affecting fields For Transfer should update both transactions"},{"ancestorTitles":["Update Transaction Helper"],"duration":3,"failureDetails":[{"matcherResult":{"message":"\u001b[2mexpect(\u001b[22m\u001b[31mjest.fn()\u001b[39m\u001b[2m).\u001b[22mtoHaveBeenCalledTimes\u001b[2m(\u001b[22m\u001b[32mexpected\u001b[39m\u001b[2m)\u001b[22m\n\nExpected number of calls: \u001b[32m1\u001b[39m\nReceived number of calls: \u001b[31m0\u001b[39m","pass":false}}],"failureMessages":["Error: \u001b[2mexpect(\u001b[22m\u001b[31mjest.fn()\u001b[39m\u001b[2m).\u001b[22mtoHaveBeenCalledTimes\u001b[2m(\u001b[22m\u001b[32mexpected\u001b[39m\u001b[2m)\u001b[22m\n\nExpected number of calls: \u001b[32m1\u001b[39m\nReceived number of calls: \u001b[31m0\u001b[39m\n    at Object.toHaveBeenCalledTimes (D:\\Workfolio\\Projects\\Budgeteer\\src\\services\\repositories\\__tests__\\Transactions.test.ts:166:34)\n    at Generator.next (<anonymous>)\n    at asyncGeneratorStep (D:\\Workfolio\\Projects\\Budgeteer\\node_modules\\@babel\\runtime\\helpers\\asyncToGenerator.js:3:17)\n    at _next (D:\\Workfolio\\Projects\\Budgeteer\\node_modules\\@babel\\runtime\\helpers\\asyncToGenerator.js:17:9)"],"fullName":"Update Transaction Helper Should update amount for non-transfer transaction","invocations":1,"location":null,"numPassingAsserts":2,"retryReasons":[],"status":"failed","title":"Should update amount for non-transfer transaction"},{"ancestorTitles":["Update Transaction Helper"],"duration":2,"failureDetails":[{"matcherResult":{"message":"\u001b[2mexpect(\u001b[22m\u001b[31mjest.fn()\u001b[39m\u001b[2m).\u001b[22mtoHaveBeenCalledTimes\u001b[2m(\u001b[22m\u001b[32mexpected\u001b[39m\u001b[2m)\u001b[22m\n\nExpected number of calls: \u001b[32m2\u001b[39m\nReceived number of calls: \u001b[31m0\u001b[39m","pass":false}}],"failureMessages":["Error: \u001b[2mexpect(\u001b[22m\u001b[31mjest.fn()\u001b[39m\u001b[2m).\u001b[22mtoHaveBeenCalledTimes\u001b[2m(\u001b[22m\u001b[32mexpected\u001b[39m\u001b[2m)\u001b[22m\n\nExpected number of calls: \u001b[32m2\u001b[39m\nReceived number of calls: \u001b[31m0\u001b[39m\n    at Object.toHaveBeenCalledTimes (D:\\Workfolio\\Projects\\Budgeteer\\src\\services\\repositories\\__tests__\\Transactions.test.ts:191:34)\n    at Generator.next (<anonymous>)\n    at asyncGeneratorStep (D:\\Workfolio\\Projects\\Budgeteer\\node_modules\\@babel\\runtime\\helpers\\asyncToGenerator.js:3:17)\n    at _next (D:\\Workfolio\\Projects\\Budgeteer\\node_modules\\@babel\\runtime\\helpers\\asyncToGenerator.js:17:9)"],"fullName":"Update Transaction Helper Should update amount for transfer transaction","invocations":1,"location":null,"numPassingAsserts":3,"retryReasons":[],"status":"failed","title":"Should update amount for transfer transaction"},{"ancestorTitles":["Update Transaction Helper"],"duration":11,"failureDetails":[{"matcherResult":{"message":"\u001b[2mexpect(\u001b[22m\u001b[31mjest.fn()\u001b[39m\u001b[2m).\u001b[22mtoHaveBeenCalledTimes\u001b[2m(\u001b[22m\u001b[32mexpected\u001b[39m\u001b[2m)\u001b[22m\n\nExpected number of calls: \u001b[32m0\u001b[39m\nReceived number of calls: \u001b[31m2\u001b[39m","pass":false}}],"failureMessages":["Error: \u001b[2mexpect(\u001b[22m\u001b[31mjest.fn()\u001b[39m\u001b[2m).\u001b[22mtoHaveBeenCalledTimes\u001b[2m(\u001b[22m\u001b[32mexpected\u001b[39m\u001b[2m)\u001b[22m\n\nExpected number of calls: \u001b[32m0\u001b[39m\nReceived number of calls: \u001b[31m2\u001b[39m\n    at Object.toHaveBeenCalledTimes (D:\\Workfolio\\Projects\\Budgeteer\\src\\services\\repositories\\__tests__\\Transactions.test.ts:220:34)\n    at Generator.next (<anonymous>)\n    at asyncGeneratorStep (D:\\Workfolio\\Projects\\Budgeteer\\node_modules\\@babel\\runtime\\helpers\\asyncToGenerator.js:3:17)\n    at _next (D:\\Workfolio\\Projects\\Budgeteer\\node_modules\\@babel\\runtime\\helpers\\asyncToGenerator.js:17:9)"],"fullName":"Update Transaction Helper Shouldn't update account if amount changed but original was void","invocations":1,"location":null,"numPassingAsserts":3,"retryReasons":[],"status":"failed","title":"Shouldn't update account if amount changed but original was void"},{"ancestorTitles":["Update Transaction Helper"],"duration":1,"failureDetails":[],"failureMessages":[],"fullName":"Update Transaction Helper Should Void Transaction Correctly","invocations":1,"location":null,"numPassingAsserts":4,"retryReasons":[],"status":"passed","title":"Should Void Transaction Correctly"},{"ancestorTitles":["Update Transaction Helper"],"duration":2,"failureDetails":[],"failureMessages":[],"fullName":"Update Transaction Helper Should Void Transfer Transaction Correctly","invocations":1,"location":null,"numPassingAsserts":6,"retryReasons":[],"status":"passed","title":"Should Void Transfer Transaction Correctly"},{"ancestorTitles":["Update Transaction Helper"],"duration":7,"failureDetails":[{"matcherResult":{"message":"\u001b[2mexpect(\u001b[22m\u001b[31mjest.fn()\u001b[39m\u001b[2m).\u001b[22mtoHaveBeenCalledTimes\u001b[2m(\u001b[22m\u001b[32mexpected\u001b[39m\u001b[2m)\u001b[22m\n\nExpected number of calls: \u001b[32m1\u001b[39m\nReceived number of calls: \u001b[31m0\u001b[39m","pass":false}}],"failureMessages":["Error: \u001b[2mexpect(\u001b[22m\u001b[31mjest.fn()\u001b[39m\u001b[2m).\u001b[22mtoHaveBeenCalledTimes\u001b[2m(\u001b[22m\u001b[32mexpected\u001b[39m\u001b[2m)\u001b[22m\n\nExpected number of calls: \u001b[32m1\u001b[39m\nReceived number of calls: \u001b[31m0\u001b[39m\n    at Object.toHaveBeenCalledTimes (D:\\Workfolio\\Projects\\Budgeteer\\src\\services\\repositories\\__tests__\\Transactions.test.ts:287:34)\n    at Generator.next (<anonymous>)\n    at asyncGeneratorStep (D:\\Workfolio\\Projects\\Budgeteer\\node_modules\\@babel\\runtime\\helpers\\asyncToGenerator.js:3:17)\n    at _next (D:\\Workfolio\\Projects\\Budgeteer\\node_modules\\@babel\\runtime\\helpers\\asyncToGenerator.js:17:9)"],"fullName":"Update Transaction Helper Should UnVoid Transaction Correctly","invocations":1,"location":null,"numPassingAsserts":2,"retryReasons":[],"status":"failed","title":"Should UnVoid Transaction Correctly"},{"ancestorTitles":["Update Transaction Helper"],"duration":3,"failureDetails":[{"matcherResult":{"message":"\u001b[2mexpect(\u001b[22m\u001b[31mjest.fn()\u001b[39m\u001b[2m).\u001b[22mtoHaveBeenCalledTimes\u001b[2m(\u001b[22m\u001b[32mexpected\u001b[39m\u001b[2m)\u001b[22m\n\nExpected number of calls: \u001b[32m2\u001b[39m\nReceived number of calls: \u001b[31m0\u001b[39m","pass":false}}],"failureMessages":["Error: \u001b[2mexpect(\u001b[22m\u001b[31mjest.fn()\u001b[39m\u001b[2m).\u001b[22mtoHaveBeenCalledTimes\u001b[2m(\u001b[22m\u001b[32mexpected\u001b[39m\u001b[2m)\u001b[22m\n\nExpected number of calls: \u001b[32m2\u001b[39m\nReceived number of calls: \u001b[31m0\u001b[39m\n    at Object.toHaveBeenCalledTimes (D:\\Workfolio\\Projects\\Budgeteer\\src\\services\\repositories\\__tests__\\Transactions.test.ts:311:34)\n    at Generator.next (<anonymous>)\n    at asyncGeneratorStep (D:\\Workfolio\\Projects\\Budgeteer\\node_modules\\@babel\\runtime\\helpers\\asyncToGenerator.js:3:17)\n    at _next (D:\\Workfolio\\Projects\\Budgeteer\\node_modules\\@babel\\runtime\\helpers\\asyncToGenerator.js:17:9)"],"fullName":"Update Transaction Helper Should UnVoid Transfer Transaction Correctly","invocations":1,"location":null,"numPassingAsserts":3,"retryReasons":[],"status":"failed","title":"Should UnVoid Transfer Transaction Correctly"},{"ancestorTitles":["Update Transaction Helper"],"duration":2,"failureDetails":[],"failureMessages":[],"fullName":"Update Transaction Helper Should Update Account Correctly","invocations":1,"location":null,"numPassingAsserts":5,"retryReasons":[],"status":"passed","title":"Should Update Account Correctly"},{"ancestorTitles":["Update Transaction Helper"],"duration":2,"failureDetails":[],"failureMessages":[],"fullName":"Update Transaction Helper Should Update Transfer Account Correctly","invocations":1,"location":null,"numPassingAsserts":6,"retryReasons":[],"status":"passed","title":"Should Update Transfer Account Correctly"},{"ancestorTitles":["Update Transaction Helper"],"duration":8,"failureDetails":[],"failureMessages":[],"fullName":"Update Transaction Helper Should Update Accounts Correctly if both changed","invocations":1,"location":null,"numPassingAsserts":8,"retryReasons":[],"status":"passed","title":"Should Update Accounts Correctly if both changed"},{"ancestorTitles":["Update Transaction Helper"],"duration":2,"failureDetails":[],"failureMessages":[],"fullName":"Update Transaction Helper Should Update Account and Amount Correctly","invocations":1,"location":null,"numPassingAsserts":5,"retryReasons":[],"status":"passed","title":"Should Update Account and Amount Correctly"},{"ancestorTitles":["Update Transaction Helper"],"duration":2,"failureDetails":[],"failureMessages":[],"fullName":"Update Transaction Helper Should Update Transfer Account and Amount Correctly","invocations":1,"location":null,"numPassingAsserts":6,"retryReasons":[],"status":"passed","title":"Should Update Transfer Account and Amount Correctly"},{"ancestorTitles":["Update Transaction Helper"],"duration":9,"failureDetails":[],"failureMessages":[],"fullName":"Update Transaction Helper Should Update Both Accounts and Amount Correctly","invocations":1,"location":null,"numPassingAsserts":8,"retryReasons":[],"status":"passed","title":"Should Update Both Accounts and Amount Correctly"},{"ancestorTitles":["Update Transaction Helper"],"duration":5,"failureDetails":[],"failureMessages":[],"fullName":"Update Transaction Helper Should Void and Update Amount Correctly","invocations":1,"location":null,"numPassingAsserts":4,"retryReasons":[],"status":"passed","title":"Should Void and Update Amount Correctly"},{"ancestorTitles":["Update Transaction Helper"],"duration":4,"failureDetails":[],"failureMessages":[],"fullName":"Update Transaction Helper Should Void and Update Amount Correctly for Transfer","invocations":1,"location":null,"numPassingAsserts":6,"retryReasons":[],"status":"passed","title":"Should Void and Update Amount Correctly for Transfer"},{"ancestorTitles":["Update Transaction Helper"],"duration":3,"failureDetails":[{"matcherResult":{"message":"\u001b[2mexpect(\u001b[22m\u001b[31mjest.fn()\u001b[39m\u001b[2m).\u001b[22mtoHaveBeenCalledTimes\u001b[2m(\u001b[22m\u001b[32mexpected\u001b[39m\u001b[2m)\u001b[22m\n\nExpected number of calls: \u001b[32m1\u001b[39m\nReceived number of calls: \u001b[31m0\u001b[39m","pass":false}}],"failureMessages":["Error: \u001b[2mexpect(\u001b[22m\u001b[31mjest.fn()\u001b[39m\u001b[2m).\u001b[22mtoHaveBeenCalledTimes\u001b[2m(\u001b[22m\u001b[32mexpected\u001b[39m\u001b[2m)\u001b[22m\n\nExpected number of calls: \u001b[32m1\u001b[39m\nReceived number of calls: \u001b[31m0\u001b[39m\n    at Object.toHaveBeenCalledTimes (D:\\Workfolio\\Projects\\Budgeteer\\src\\services\\repositories\\__tests__\\Transactions.test.ts:579:34)\n    at Generator.next (<anonymous>)\n    at asyncGeneratorStep (D:\\Workfolio\\Projects\\Budgeteer\\node_modules\\@babel\\runtime\\helpers\\asyncToGenerator.js:3:17)\n    at _next (D:\\Workfolio\\Projects\\Budgeteer\\node_modules\\@babel\\runtime\\helpers\\asyncToGenerator.js:17:9)"],"fullName":"Update Transaction Helper Should UnVoid and Update Amount Correctly","invocations":1,"location":null,"numPassingAsserts":2,"retryReasons":[],"status":"failed","title":"Should UnVoid and Update Amount Correctly"},{"ancestorTitles":["Update Transaction Helper"],"duration":2,"failureDetails":[{"matcherResult":{"message":"\u001b[2mexpect(\u001b[22m\u001b[31mjest.fn()\u001b[39m\u001b[2m).\u001b[22mtoHaveBeenCalledTimes\u001b[2m(\u001b[22m\u001b[32mexpected\u001b[39m\u001b[2m)\u001b[22m\n\nExpected number of calls: \u001b[32m2\u001b[39m\nReceived number of calls: \u001b[31m0\u001b[39m","pass":false}}],"failureMessages":["Error: \u001b[2mexpect(\u001b[22m\u001b[31mjest.fn()\u001b[39m\u001b[2m).\u001b[22mtoHaveBeenCalledTimes\u001b[2m(\u001b[22m\u001b[32mexpected\u001b[39m\u001b[2m)\u001b[22m\n\nExpected number of calls: \u001b[32m2\u001b[39m\nReceived number of calls: \u001b[31m0\u001b[39m\n    at Object.toHaveBeenCalledTimes (D:\\Workfolio\\Projects\\Budgeteer\\src\\services\\repositories\\__tests__\\Transactions.test.ts:607:34)\n    at Generator.next (<anonymous>)\n    at asyncGeneratorStep (D:\\Workfolio\\Projects\\Budgeteer\\node_modules\\@babel\\runtime\\helpers\\asyncToGenerator.js:3:17)\n    at _next (D:\\Workfolio\\Projects\\Budgeteer\\node_modules\\@babel\\runtime\\helpers\\asyncToGenerator.js:17:9)"],"fullName":"Update Transaction Helper Should UnVoid and Update Amount Correctly for Transfer","invocations":1,"location":null,"numPassingAsserts":3,"retryReasons":[],"status":"failed","title":"Should UnVoid and Update Amount Correctly for Transfer"},{"ancestorTitles":["Update Transaction Helper"],"duration":2,"failureDetails":[{"matcherResult":{"message":"\u001b[2mexpect(\u001b[22m\u001b[31mjest.fn()\u001b[39m\u001b[2m).\u001b[22mtoHaveBeenCalledTimes\u001b[2m(\u001b[22m\u001b[32mexpected\u001b[39m\u001b[2m)\u001b[22m\n\nExpected number of calls: \u001b[32m1\u001b[39m\nReceived number of calls: \u001b[31m0\u001b[39m","pass":false}}],"failureMessages":["Error: \u001b[2mexpect(\u001b[22m\u001b[31mjest.fn()\u001b[39m\u001b[2m).\u001b[22mtoHaveBeenCalledTimes\u001b[2m(\u001b[22m\u001b[32mexpected\u001b[39m\u001b[2m)\u001b[22m\n\nExpected number of calls: \u001b[32m1\u001b[39m\nReceived number of calls: \u001b[31m0\u001b[39m\n    at Object.toHaveBeenCalledTimes (D:\\Workfolio\\Projects\\Budgeteer\\src\\services\\repositories\\__tests__\\Transactions.test.ts:629:34)\n    at Generator.next (<anonymous>)\n    at asyncGeneratorStep (D:\\Workfolio\\Projects\\Budgeteer\\node_modules\\@babel\\runtime\\helpers\\asyncToGenerator.js:3:17)\n    at _next (D:\\Workfolio\\Projects\\Budgeteer\\node_modules\\@babel\\runtime\\helpers\\asyncToGenerator.js:17:9)"],"fullName":"Update Transaction Helper Should UnVoid and Update Account's Correctly","invocations":1,"location":null,"numPassingAsserts":2,"retryReasons":[],"status":"failed","title":"Should UnVoid and Update Account's Correctly"},{"ancestorTitles":["Update Transaction Helper"],"duration":2,"failureDetails":[{"matcherResult":{"message":"\u001b[2mexpect(\u001b[22m\u001b[31mjest.fn()\u001b[39m\u001b[2m).\u001b[22mtoHaveBeenCalledTimes\u001b[2m(\u001b[22m\u001b[32mexpected\u001b[39m\u001b[2m)\u001b[22m\n\nExpected number of calls: \u001b[32m2\u001b[39m\nReceived number of calls: \u001b[31m0\u001b[39m","pass":false}}],"failureMessages":["Error: \u001b[2mexpect(\u001b[22m\u001b[31mjest.fn()\u001b[39m\u001b[2m).\u001b[22mtoHaveBeenCalledTimes\u001b[2m(\u001b[22m\u001b[32mexpected\u001b[39m\u001b[2m)\u001b[22m\n\nExpected number of calls: \u001b[32m2\u001b[39m\nReceived number of calls: \u001b[31m0\u001b[39m\n    at Object.toHaveBeenCalledTimes (D:\\Workfolio\\Projects\\Budgeteer\\src\\services\\repositories\\__tests__\\Transactions.test.ts:654:34)\n    at Generator.next (<anonymous>)\n    at asyncGeneratorStep (D:\\Workfolio\\Projects\\Budgeteer\\node_modules\\@babel\\runtime\\helpers\\asyncToGenerator.js:3:17)\n    at _next (D:\\Workfolio\\Projects\\Budgeteer\\node_modules\\@babel\\runtime\\helpers\\asyncToGenerator.js:17:9)"],"fullName":"Update Transaction Helper Should UnVoid and Update Account's Correctly for Transfer","invocations":1,"location":null,"numPassingAsserts":3,"retryReasons":[],"status":"failed","title":"Should UnVoid and Update Account's Correctly for Transfer"},{"ancestorTitles":["Update Transaction Helper"],"duration":8,"failureDetails":[{"matcherResult":{"message":"\u001b[2mexpect(\u001b[22m\u001b[31mjest.fn()\u001b[39m\u001b[2m).\u001b[22mtoHaveBeenCalledTimes\u001b[2m(\u001b[22m\u001b[32mexpected\u001b[39m\u001b[2m)\u001b[22m\n\nExpected number of calls: \u001b[32m1\u001b[39m\nReceived number of calls: \u001b[31m2\u001b[39m","pass":false}}],"failureMessages":["Error: \u001b[2mexpect(\u001b[22m\u001b[31mjest.fn()\u001b[39m\u001b[2m).\u001b[22mtoHaveBeenCalledTimes\u001b[2m(\u001b[22m\u001b[32mexpected\u001b[39m\u001b[2m)\u001b[22m\n\nExpected number of calls: \u001b[32m1\u001b[39m\nReceived number of calls: \u001b[31m2\u001b[39m\n    at Object.toHaveBeenCalledTimes (D:\\Workfolio\\Projects\\Budgeteer\\src\\services\\repositories\\__tests__\\Transactions.test.ts:679:34)\n    at Generator.next (<anonymous>)\n    at asyncGeneratorStep (D:\\Workfolio\\Projects\\Budgeteer\\node_modules\\@babel\\runtime\\helpers\\asyncToGenerator.js:3:17)\n    at _next (D:\\Workfolio\\Projects\\Budgeteer\\node_modules\\@babel\\runtime\\helpers\\asyncToGenerator.js:17:9)"],"fullName":"Update Transaction Helper Should Void and Update Account Correctly","invocations":1,"location":null,"numPassingAsserts":2,"retryReasons":[],"status":"failed","title":"Should Void and Update Account Correctly"},{"ancestorTitles":["Update Transaction Helper"],"duration":2,"failureDetails":[{"matcherResult":{"message":"\u001b[2mexpect(\u001b[22m\u001b[31mjest.fn()\u001b[39m\u001b[2m).\u001b[22mtoHaveBeenCalledTimes\u001b[2m(\u001b[22m\u001b[32mexpected\u001b[39m\u001b[2m)\u001b[22m\n\nExpected number of calls: \u001b[32m2\u001b[39m\nReceived number of calls: \u001b[31m3\u001b[39m","pass":false}}],"failureMessages":["Error: \u001b[2mexpect(\u001b[22m\u001b[31mjest.fn()\u001b[39m\u001b[2m).\u001b[22mtoHaveBeenCalledTimes\u001b[2m(\u001b[22m\u001b[32mexpected\u001b[39m\u001b[2m)\u001b[22m\n\nExpected number of calls: \u001b[32m2\u001b[39m\nReceived number of calls: \u001b[31m3\u001b[39m\n    at Object.toHaveBeenCalledTimes (D:\\Workfolio\\Projects\\Budgeteer\\src\\services\\repositories\\__tests__\\Transactions.test.ts:706:34)\n    at Generator.next (<anonymous>)\n    at asyncGeneratorStep (D:\\Workfolio\\Projects\\Budgeteer\\node_modules\\@babel\\runtime\\helpers\\asyncToGenerator.js:3:17)\n    at _next (D:\\Workfolio\\Projects\\Budgeteer\\node_modules\\@babel\\runtime\\helpers\\asyncToGenerator.js:17:9)"],"fullName":"Update Transaction Helper Should Void and Update Transfer Account Correctly","invocations":1,"location":null,"numPassingAsserts":3,"retryReasons":[],"status":"failed","title":"Should Void and Update Transfer Account Correctly"},{"ancestorTitles":["Update Transaction Helper"],"duration":1,"failureDetails":[{"matcherResult":{"message":"\u001b[2mexpect(\u001b[22m\u001b[31mjest.fn()\u001b[39m\u001b[2m).\u001b[22mtoHaveBeenCalledTimes\u001b[2m(\u001b[22m\u001b[32mexpected\u001b[39m\u001b[2m)\u001b[22m\n\nExpected number of calls: \u001b[32m1\u001b[39m\nReceived number of calls: \u001b[31m0\u001b[39m","pass":false}}],"failureMessages":["Error: \u001b[2mexpect(\u001b[22m\u001b[31mjest.fn()\u001b[39m\u001b[2m).\u001b[22mtoHaveBeenCalledTimes\u001b[2m(\u001b[22m\u001b[32mexpected\u001b[39m\u001b[2m)\u001b[22m\n\nExpected number of calls: \u001b[32m1\u001b[39m\nReceived number of calls: \u001b[31m0\u001b[39m\n    at Object.toHaveBeenCalledTimes (D:\\Workfolio\\Projects\\Budgeteer\\src\\services\\repositories\\__tests__\\Transactions.test.ts:735:34)\n    at Generator.next (<anonymous>)\n    at asyncGeneratorStep (D:\\Workfolio\\Projects\\Budgeteer\\node_modules\\@babel\\runtime\\helpers\\asyncToGenerator.js:3:17)\n    at _next (D:\\Workfolio\\Projects\\Budgeteer\\node_modules\\@babel\\runtime\\helpers\\asyncToGenerator.js:17:9)"],"fullName":"Update Transaction Helper Should UnVoid and Update Account Correctly","invocations":1,"location":null,"numPassingAsserts":2,"retryReasons":[],"status":"failed","title":"Should UnVoid and Update Account Correctly"},{"ancestorTitles":["Update Transaction Helper"],"duration":1,"failureDetails":[{"matcherResult":{"message":"\u001b[2mexpect(\u001b[22m\u001b[31mjest.fn()\u001b[39m\u001b[2m).\u001b[22mtoHaveBeenCalledTimes\u001b[2m(\u001b[22m\u001b[32mexpected\u001b[39m\u001b[2m)\u001b[22m\n\nExpected number of calls: \u001b[32m2\u001b[39m\nReceived number of calls: \u001b[31m0\u001b[39m","pass":false}}],"failureMessages":["Error: \u001b[2mexpect(\u001b[22m\u001b[31mjest.fn()\u001b[39m\u001b[2m).\u001b[22mtoHaveBeenCalledTimes\u001b[2m(\u001b[22m\u001b[32mexpected\u001b[39m\u001b[2m)\u001b[22m\n\nExpected number of calls: \u001b[32m2\u001b[39m\nReceived number of calls: \u001b[31m0\u001b[39m\n    at Object.toHaveBeenCalledTimes (D:\\Workfolio\\Projects\\Budgeteer\\src\\services\\repositories\\__tests__\\Transactions.test.ts:764:34)\n    at Generator.next (<anonymous>)\n    at asyncGeneratorStep (D:\\Workfolio\\Projects\\Budgeteer\\node_modules\\@babel\\runtime\\helpers\\asyncToGenerator.js:3:17)\n    at _next (D:\\Workfolio\\Projects\\Budgeteer\\node_modules\\@babel\\runtime\\helpers\\asyncToGenerator.js:17:9)"],"fullName":"Update Transaction Helper Should UnVoid and Update Transfer Account Correctly","invocations":1,"location":null,"numPassingAsserts":3,"retryReasons":[],"status":"failed","title":"Should UnVoid and Update Transfer Account Correctly"},{"ancestorTitles":["Update Transaction Helper"],"duration":2,"failureDetails":[{"matcherResult":{"message":"\u001b[2mexpect(\u001b[22m\u001b[31mjest.fn()\u001b[39m\u001b[2m).\u001b[22mtoHaveBeenCalledTimes\u001b[2m(\u001b[22m\u001b[32mexpected\u001b[39m\u001b[2m)\u001b[22m\n\nExpected number of calls: \u001b[32m2\u001b[39m\nReceived number of calls: \u001b[31m0\u001b[39m","pass":false}}],"failureMessages":["Error: \u001b[2mexpect(\u001b[22m\u001b[31mjest.fn()\u001b[39m\u001b[2m).\u001b[22mtoHaveBeenCalledTimes\u001b[2m(\u001b[22m\u001b[32mexpected\u001b[39m\u001b[2m)\u001b[22m\n\nExpected number of calls: \u001b[32m2\u001b[39m\nReceived number of calls: \u001b[31m0\u001b[39m\n    at Object.toHaveBeenCalledTimes (D:\\Workfolio\\Projects\\Budgeteer\\src\\services\\repositories\\__tests__\\Transactions.test.ts:803:34)\n    at Generator.next (<anonymous>)\n    at asyncGeneratorStep (D:\\Workfolio\\Projects\\Budgeteer\\node_modules\\@babel\\runtime\\helpers\\asyncToGenerator.js:3:17)\n    at _next (D:\\Workfolio\\Projects\\Budgeteer\\node_modules\\@babel\\runtime\\helpers\\asyncToGenerator.js:17:9)"],"fullName":"Update Transaction Helper Should UnVoid and Update Accounts Correctly if both changed","invocations":1,"location":null,"numPassingAsserts":3,"retryReasons":[],"status":"failed","title":"Should UnVoid and Update Accounts Correctly if both changed"},{"ancestorTitles":["Update Transaction Helper"],"duration":7,"failureDetails":[{"matcherResult":{"message":"\u001b[2mexpect(\u001b[22m\u001b[31mjest.fn()\u001b[39m\u001b[2m).\u001b[22mtoHaveBeenCalledTimes\u001b[2m(\u001b[22m\u001b[32mexpected\u001b[39m\u001b[2m)\u001b[22m\n\nExpected number of calls: \u001b[32m1\u001b[39m\nReceived number of calls: \u001b[31m2\u001b[39m","pass":false}}],"failureMessages":["Error: \u001b[2mexpect(\u001b[22m\u001b[31mjest.fn()\u001b[39m\u001b[2m).\u001b[22mtoHaveBeenCalledTimes\u001b[2m(\u001b[22m\u001b[32mexpected\u001b[39m\u001b[2m)\u001b[22m\n\nExpected number of calls: \u001b[32m1\u001b[39m\nReceived number of calls: \u001b[31m2\u001b[39m\n    at Object.toHaveBeenCalledTimes (D:\\Workfolio\\Projects\\Budgeteer\\src\\services\\repositories\\__tests__\\Transactions.test.ts:832:34)\n    at Generator.next (<anonymous>)\n    at asyncGeneratorStep (D:\\Workfolio\\Projects\\Budgeteer\\node_modules\\@babel\\runtime\\helpers\\asyncToGenerator.js:3:17)\n    at _next (D:\\Workfolio\\Projects\\Budgeteer\\node_modules\\@babel\\runtime\\helpers\\asyncToGenerator.js:17:9)"],"fullName":"Update Transaction Helper Should Void and Update Account and Amount Correctly, if these changed","invocations":1,"location":null,"numPassingAsserts":2,"retryReasons":[],"status":"failed","title":"Should Void and Update Account and Amount Correctly, if these changed"},{"ancestorTitles":["Update Transaction Helper"],"duration":2,"failureDetails":[{"matcherResult":{"message":"\u001b[2mexpect(\u001b[22m\u001b[31mjest.fn()\u001b[39m\u001b[2m).\u001b[22mtoHaveBeenCalledTimes\u001b[2m(\u001b[22m\u001b[32mexpected\u001b[39m\u001b[2m)\u001b[22m\n\nExpected number of calls: \u001b[32m2\u001b[39m\nReceived number of calls: \u001b[31m3\u001b[39m","pass":false}}],"failureMessages":["Error: \u001b[2mexpect(\u001b[22m\u001b[31mjest.fn()\u001b[39m\u001b[2m).\u001b[22mtoHaveBeenCalledTimes\u001b[2m(\u001b[22m\u001b[32mexpected\u001b[39m\u001b[2m)\u001b[22m\n\nExpected number of calls: \u001b[32m2\u001b[39m\nReceived number of calls: \u001b[31m3\u001b[39m\n    at Object.toHaveBeenCalledTimes (D:\\Workfolio\\Projects\\Budgeteer\\src\\services\\repositories\\__tests__\\Transactions.test.ts:863:34)\n    at Generator.next (<anonymous>)\n    at asyncGeneratorStep (D:\\Workfolio\\Projects\\Budgeteer\\node_modules\\@babel\\runtime\\helpers\\asyncToGenerator.js:3:17)\n    at _next (D:\\Workfolio\\Projects\\Budgeteer\\node_modules\\@babel\\runtime\\helpers\\asyncToGenerator.js:17:9)"],"fullName":"Update Transaction Helper Should Void and Update Transfer Account and Amount Correctly, if these changed","invocations":1,"location":null,"numPassingAsserts":3,"retryReasons":[],"status":"failed","title":"Should Void and Update Transfer Account and Amount Correctly, if these changed"},{"ancestorTitles":["Update Transaction Helper"],"duration":1,"failureDetails":[{"matcherResult":{"message":"\u001b[2mexpect(\u001b[22m\u001b[31mjest.fn()\u001b[39m\u001b[2m).\u001b[22mtoHaveBeenCalledTimes\u001b[2m(\u001b[22m\u001b[32mexpected\u001b[39m\u001b[2m)\u001b[22m\n\nExpected number of calls: \u001b[32m2\u001b[39m\nReceived number of calls: \u001b[31m4\u001b[39m","pass":false}}],"failureMessages":["Error: \u001b[2mexpect(\u001b[22m\u001b[31mjest.fn()\u001b[39m\u001b[2m).\u001b[22mtoHaveBeenCalledTimes\u001b[2m(\u001b[22m\u001b[32mexpected\u001b[39m\u001b[2m)\u001b[22m\n\nExpected number of calls: \u001b[32m2\u001b[39m\nReceived number of calls: \u001b[31m4\u001b[39m\n    at Object.toHaveBeenCalledTimes (D:\\Workfolio\\Projects\\Budgeteer\\src\\services\\repositories\\__tests__\\Transactions.test.ts:905:34)\n    at Generator.next (<anonymous>)\n    at asyncGeneratorStep (D:\\Workfolio\\Projects\\Budgeteer\\node_modules\\@babel\\runtime\\helpers\\asyncToGenerator.js:3:17)\n    at _next (D:\\Workfolio\\Projects\\Budgeteer\\node_modules\\@babel\\runtime\\helpers\\asyncToGenerator.js:17:9)"],"fullName":"Update Transaction Helper Should Void and Update Both Accounts and Amount Correctly, if these changed","invocations":1,"location":null,"numPassingAsserts":3,"retryReasons":[],"status":"failed","title":"Should Void and Update Both Accounts and Amount Correctly, if these changed"},{"ancestorTitles":["Update Transaction Helper"],"duration":1,"failureDetails":[{"matcherResult":{"message":"\u001b[2mexpect(\u001b[22m\u001b[31mjest.fn()\u001b[39m\u001b[2m).\u001b[22mtoHaveBeenCalledTimes\u001b[2m(\u001b[22m\u001b[32mexpected\u001b[39m\u001b[2m)\u001b[22m\n\nExpected number of calls: \u001b[32m1\u001b[39m\nReceived number of calls: \u001b[31m0\u001b[39m","pass":false}}],"failureMessages":["Error: \u001b[2mexpect(\u001b[22m\u001b[31mjest.fn()\u001b[39m\u001b[2m).\u001b[22mtoHaveBeenCalledTimes\u001b[2m(\u001b[22m\u001b[32mexpected\u001b[39m\u001b[2m)\u001b[22m\n\nExpected number of calls: \u001b[32m1\u001b[39m\nReceived number of calls: \u001b[31m0\u001b[39m\n    at Object.toHaveBeenCalledTimes (D:\\Workfolio\\Projects\\Budgeteer\\src\\services\\repositories\\__tests__\\Transactions.test.ts:939:34)\n    at Generator.next (<anonymous>)\n    at asyncGeneratorStep (D:\\Workfolio\\Projects\\Budgeteer\\node_modules\\@babel\\runtime\\helpers\\asyncToGenerator.js:3:17)\n    at _next (D:\\Workfolio\\Projects\\Budgeteer\\node_modules\\@babel\\runtime\\helpers\\asyncToGenerator.js:17:9)"],"fullName":"Update Transaction Helper Should UnVoid and Update Account and Amount Correctly, if these changed","invocations":1,"location":null,"numPassingAsserts":2,"retryReasons":[],"status":"failed","title":"Should UnVoid and Update Account and Amount Correctly, if these changed"},{"ancestorTitles":["Update Transaction Helper"],"duration":3,"failureDetails":[{"matcherResult":{"message":"\u001b[2mexpect(\u001b[22m\u001b[31mjest.fn()\u001b[39m\u001b[2m).\u001b[22mtoHaveBeenCalledTimes\u001b[2m(\u001b[22m\u001b[32mexpected\u001b[39m\u001b[2m)\u001b[22m\n\nExpected number of calls: \u001b[32m2\u001b[39m\nReceived number of calls: \u001b[31m0\u001b[39m","pass":false}}],"failureMessages":["Error: \u001b[2mexpect(\u001b[22m\u001b[31mjest.fn()\u001b[39m\u001b[2m).\u001b[22mtoHaveBeenCalledTimes\u001b[2m(\u001b[22m\u001b[32mexpected\u001b[39m\u001b[2m)\u001b[22m\n\nExpected number of calls: \u001b[32m2\u001b[39m\nReceived number of calls: \u001b[31m0\u001b[39m\n    at Object.toHaveBeenCalledTimes (D:\\Workfolio\\Projects\\Budgeteer\\src\\services\\repositories\\__tests__\\Transactions.test.ts:972:34)\n    at Generator.next (<anonymous>)\n    at asyncGeneratorStep (D:\\Workfolio\\Projects\\Budgeteer\\node_modules\\@babel\\runtime\\helpers\\asyncToGenerator.js:3:17)\n    at _next (D:\\Workfolio\\Projects\\Budgeteer\\node_modules\\@babel\\runtime\\helpers\\asyncToGenerator.js:17:9)"],"fullName":"Update Transaction Helper Should UnVoid and Update Transfer Account and Amount Correctly, if these changed","invocations":1,"location":null,"numPassingAsserts":3,"retryReasons":[],"status":"failed","title":"Should UnVoid and Update Transfer Account and Amount Correctly, if these changed"},{"ancestorTitles":["Update Transaction Helper"],"duration":5,"failureDetails":[{"matcherResult":{"message":"\u001b[2mexpect(\u001b[22m\u001b[31mjest.fn()\u001b[39m\u001b[2m).\u001b[22mtoHaveBeenCalledTimes\u001b[2m(\u001b[22m\u001b[32mexpected\u001b[39m\u001b[2m)\u001b[22m\n\nExpected number of calls: \u001b[32m2\u001b[39m\nReceived number of calls: \u001b[31m0\u001b[39m","pass":false}}],"failureMessages":["Error: \u001b[2mexpect(\u001b[22m\u001b[31mjest.fn()\u001b[39m\u001b[2m).\u001b[22mtoHaveBeenCalledTimes\u001b[2m(\u001b[22m\u001b[32mexpected\u001b[39m\u001b[2m)\u001b[22m\n\nExpected number of calls: \u001b[32m2\u001b[39m\nReceived number of calls: \u001b[31m0\u001b[39m\n    at Object.toHaveBeenCalledTimes (D:\\Workfolio\\Projects\\Budgeteer\\src\\services\\repositories\\__tests__\\Transactions.test.ts:1009:34)\n    at Generator.next (<anonymous>)\n    at asyncGeneratorStep (D:\\Workfolio\\Projects\\Budgeteer\\node_modules\\@babel\\runtime\\helpers\\asyncToGenerator.js:3:17)\n    at _next (D:\\Workfolio\\Projects\\Budgeteer\\node_modules\\@babel\\runtime\\helpers\\asyncToGenerator.js:17:9)"],"fullName":"Update Transaction Helper Should UnVoid and Update Both Accounts and Amount Correctly, if these changed","invocations":1,"location":null,"numPassingAsserts":3,"retryReasons":[],"status":"failed","title":"Should UnVoid and Update Both Accounts and Amount Correctly, if these changed"}],"endTime":1755212409488,"message":"\u001b[1m\u001b[31m  \u001b[1m● \u001b[22m\u001b[1mUpdate Transaction Helper › Should update amount for non-transfer transaction\u001b[39m\u001b[22m\n\n    \u001b[2mexpect(\u001b[22m\u001b[31mjest.fn()\u001b[39m\u001b[2m).\u001b[22mtoHaveBeenCalledTimes\u001b[2m(\u001b[22m\u001b[32mexpected\u001b[39m\u001b[2m)\u001b[22m\n\n    Expected number of calls: \u001b[32m1\u001b[39m\n    Received number of calls: \u001b[31m0\u001b[39m\n\u001b[2m\u001b[22m\n\u001b[2m    \u001b[0m \u001b[90m 164 |\u001b[39m       updatedby\u001b[33m:\u001b[39m mockSession\u001b[33m.\u001b[39muser\u001b[33m.\u001b[39mid\u001b[33m,\u001b[39m\u001b[22m\n\u001b[2m     \u001b[90m 165 |\u001b[39m     })\u001b[33m;\u001b[39m\u001b[22m\n\u001b[2m    \u001b[31m\u001b[1m>\u001b[22m\u001b[2m\u001b[39m\u001b[90m 166 |\u001b[39m     expect(updateAccountBalance)\u001b[33m.\u001b[39mtoHaveBeenCalledTimes(\u001b[35m1\u001b[39m)\u001b[33m;\u001b[39m\u001b[22m\n\u001b[2m     \u001b[90m     |\u001b[39m                                  \u001b[31m\u001b[1m^\u001b[22m\u001b[2m\u001b[39m\u001b[22m\n\u001b[2m     \u001b[90m 167 |\u001b[39m\u001b[22m\n\u001b[2m     \u001b[90m 168 |\u001b[39m     \u001b[36mconst\u001b[39m newAmount \u001b[33m=\u001b[39m formTransaction\u001b[33m.\u001b[39mamount \u001b[33m-\u001b[39m originalTransaction\u001b[33m.\u001b[39mamount\u001b[33m;\u001b[39m\u001b[22m\n\u001b[2m     \u001b[90m 169 |\u001b[39m     expect(updateAccountBalance)\u001b[33m.\u001b[39mtoHaveBeenCalledWith(originalTransaction\u001b[33m.\u001b[39maccountid\u001b[33m,\u001b[39m newAmount)\u001b[33m;\u001b[39m \u001b[90m// Original account adjustment\u001b[39m\u001b[0m\u001b[22m\n\u001b[2m\u001b[22m\n\u001b[2m      \u001b[2mat Object.toHaveBeenCalledTimes (\u001b[22m\u001b[2m\u001b[0m\u001b[36msrc/services/repositories/__tests__/Transactions.test.ts\u001b[39m\u001b[0m\u001b[2m:166:34)\u001b[22m\u001b[2m\u001b[22m\n\u001b[2m      \u001b[2mat asyncGeneratorStep (\u001b[22m\u001b[2mnode_modules/@babel/runtime/helpers/asyncToGenerator.js\u001b[2m:3:17)\u001b[22m\u001b[2m\u001b[22m\n\u001b[2m      \u001b[2mat _next (\u001b[22m\u001b[2mnode_modules/@babel/runtime/helpers/asyncToGenerator.js\u001b[2m:17:9)\u001b[22m\u001b[2m\u001b[22m\n\n\u001b[1m\u001b[31m  \u001b[1m● \u001b[22m\u001b[1mUpdate Transaction Helper › Should update amount for transfer transaction\u001b[39m\u001b[22m\n\n    \u001b[2mexpect(\u001b[22m\u001b[31mjest.fn()\u001b[39m\u001b[2m).\u001b[22mtoHaveBeenCalledTimes\u001b[2m(\u001b[22m\u001b[32mexpected\u001b[39m\u001b[2m)\u001b[22m\n\n    Expected number of calls: \u001b[32m2\u001b[39m\n    Received number of calls: \u001b[31m0\u001b[39m\n\u001b[2m\u001b[22m\n\u001b[2m    \u001b[0m \u001b[90m 189 |\u001b[39m       updatedby\u001b[33m:\u001b[39m mockSession\u001b[33m.\u001b[39muser\u001b[33m.\u001b[39mid\u001b[33m,\u001b[39m\u001b[22m\n\u001b[2m     \u001b[90m 190 |\u001b[39m     })\u001b[33m;\u001b[39m\u001b[22m\n\u001b[2m    \u001b[31m\u001b[1m>\u001b[22m\u001b[2m\u001b[39m\u001b[90m 191 |\u001b[39m     expect(updateAccountBalance)\u001b[33m.\u001b[39mtoHaveBeenCalledTimes(\u001b[35m2\u001b[39m)\u001b[33m;\u001b[39m\u001b[22m\n\u001b[2m     \u001b[90m     |\u001b[39m                                  \u001b[31m\u001b[1m^\u001b[22m\u001b[2m\u001b[39m\u001b[22m\n\u001b[2m     \u001b[90m 192 |\u001b[39m\u001b[22m\n\u001b[2m     \u001b[90m 193 |\u001b[39m     \u001b[36mconst\u001b[39m newAmount \u001b[33m=\u001b[39m formTransferTransction\u001b[33m.\u001b[39mamount \u001b[33m-\u001b[39m originalTransferTransaction\u001b[33m.\u001b[39mamount\u001b[33m;\u001b[39m\u001b[22m\n\u001b[2m     \u001b[90m 194 |\u001b[39m\u001b[0m\u001b[22m\n\u001b[2m\u001b[22m\n\u001b[2m      \u001b[2mat Object.toHaveBeenCalledTimes (\u001b[22m\u001b[2m\u001b[0m\u001b[36msrc/services/repositories/__tests__/Transactions.test.ts\u001b[39m\u001b[0m\u001b[2m:191:34)\u001b[22m\u001b[2m\u001b[22m\n\u001b[2m      \u001b[2mat asyncGeneratorStep (\u001b[22m\u001b[2mnode_modules/@babel/runtime/helpers/asyncToGenerator.js\u001b[2m:3:17)\u001b[22m\u001b[2m\u001b[22m\n\u001b[2m      \u001b[2mat _next (\u001b[22m\u001b[2mnode_modules/@babel/runtime/helpers/asyncToGenerator.js\u001b[2m:17:9)\u001b[22m\u001b[2m\u001b[22m\n\n\u001b[1m\u001b[31m  \u001b[1m● \u001b[22m\u001b[1mUpdate Transaction Helper › Shouldn't update account if amount changed but original was void\u001b[39m\u001b[22m\n\n    \u001b[2mexpect(\u001b[22m\u001b[31mjest.fn()\u001b[39m\u001b[2m).\u001b[22mtoHaveBeenCalledTimes\u001b[2m(\u001b[22m\u001b[32mexpected\u001b[39m\u001b[2m)\u001b[22m\n\n    Expected number of calls: \u001b[32m0\u001b[39m\n    Received number of calls: \u001b[31m2\u001b[39m\n\u001b[2m\u001b[22m\n\u001b[2m    \u001b[0m \u001b[90m 218 |\u001b[39m     })\u001b[33m;\u001b[39m\u001b[22m\n\u001b[2m     \u001b[90m 219 |\u001b[39m\u001b[22m\n\u001b[2m    \u001b[31m\u001b[1m>\u001b[22m\u001b[2m\u001b[39m\u001b[90m 220 |\u001b[39m     expect(updateAccountBalance)\u001b[33m.\u001b[39mtoHaveBeenCalledTimes(\u001b[35m0\u001b[39m)\u001b[33m;\u001b[39m\u001b[22m\n\u001b[2m     \u001b[90m     |\u001b[39m                                  \u001b[31m\u001b[1m^\u001b[22m\u001b[2m\u001b[39m\u001b[22m\n\u001b[2m     \u001b[90m 221 |\u001b[39m   })\u001b[33m;\u001b[39m\u001b[22m\n\u001b[2m     \u001b[90m 222 |\u001b[39m\u001b[22m\n\u001b[2m     \u001b[90m 223 |\u001b[39m   \u001b[90m/* Handling Just Voiding changes */\u001b[39m\u001b[0m\u001b[22m\n\u001b[2m\u001b[22m\n\u001b[2m      \u001b[2mat Object.toHaveBeenCalledTimes (\u001b[22m\u001b[2m\u001b[0m\u001b[36msrc/services/repositories/__tests__/Transactions.test.ts\u001b[39m\u001b[0m\u001b[2m:220:34)\u001b[22m\u001b[2m\u001b[22m\n\u001b[2m      \u001b[2mat asyncGeneratorStep (\u001b[22m\u001b[2mnode_modules/@babel/runtime/helpers/asyncToGenerator.js\u001b[2m:3:17)\u001b[22m\u001b[2m\u001b[22m\n\u001b[2m      \u001b[2mat _next (\u001b[22m\u001b[2mnode_modules/@babel/runtime/helpers/asyncToGenerator.js\u001b[2m:17:9)\u001b[22m\u001b[2m\u001b[22m\n\n\u001b[1m\u001b[31m  \u001b[1m● \u001b[22m\u001b[1mUpdate Transaction Helper › Should UnVoid Transaction Correctly\u001b[39m\u001b[22m\n\n    \u001b[2mexpect(\u001b[22m\u001b[31mjest.fn()\u001b[39m\u001b[2m).\u001b[22mtoHaveBeenCalledTimes\u001b[2m(\u001b[22m\u001b[32mexpected\u001b[39m\u001b[2m)\u001b[22m\n\n    Expected number of calls: \u001b[32m1\u001b[39m\n    Received number of calls: \u001b[31m0\u001b[39m\n\u001b[2m\u001b[22m\n\u001b[2m    \u001b[0m \u001b[90m 285 |\u001b[39m       updatedby\u001b[33m:\u001b[39m mockSession\u001b[33m.\u001b[39muser\u001b[33m.\u001b[39mid\u001b[33m,\u001b[39m\u001b[22m\n\u001b[2m     \u001b[90m 286 |\u001b[39m     })\u001b[33m;\u001b[39m\u001b[22m\n\u001b[2m    \u001b[31m\u001b[1m>\u001b[22m\u001b[2m\u001b[39m\u001b[90m 287 |\u001b[39m     expect(updateAccountBalance)\u001b[33m.\u001b[39mtoHaveBeenCalledTimes(\u001b[35m1\u001b[39m)\u001b[33m;\u001b[39m\u001b[22m\n\u001b[2m     \u001b[90m     |\u001b[39m                                  \u001b[31m\u001b[1m^\u001b[22m\u001b[2m\u001b[39m\u001b[22m\n\u001b[2m     \u001b[90m 288 |\u001b[39m     expect(updateAccountBalance)\u001b[33m.\u001b[39mtoHaveBeenCalledWith(originalTransaction\u001b[33m.\u001b[39maccountid\u001b[33m,\u001b[39m originalTransaction\u001b[33m.\u001b[39mamount)\u001b[33m;\u001b[39m \u001b[90m// Original account adjustment\u001b[39m\u001b[22m\n\u001b[2m     \u001b[90m 289 |\u001b[39m   })\u001b[33m;\u001b[39m\u001b[22m\n\u001b[2m     \u001b[90m 290 |\u001b[39m   it(\u001b[32m\"Should UnVoid Transfer Transaction Correctly\"\u001b[39m\u001b[33m,\u001b[39m \u001b[36masync\u001b[39m () \u001b[33m=>\u001b[39m {\u001b[0m\u001b[22m\n\u001b[2m\u001b[22m\n\u001b[2m      \u001b[2mat Object.toHaveBeenCalledTimes (\u001b[22m\u001b[2m\u001b[0m\u001b[36msrc/services/repositories/__tests__/Transactions.test.ts\u001b[39m\u001b[0m\u001b[2m:287:34)\u001b[22m\u001b[2m\u001b[22m\n\u001b[2m      \u001b[2mat asyncGeneratorStep (\u001b[22m\u001b[2mnode_modules/@babel/runtime/helpers/asyncToGenerator.js\u001b[2m:3:17)\u001b[22m\u001b[2m\u001b[22m\n\u001b[2m      \u001b[2mat _next (\u001b[22m\u001b[2mnode_modules/@babel/runtime/helpers/asyncToGenerator.js\u001b[2m:17:9)\u001b[22m\u001b[2m\u001b[22m\n\n\u001b[1m\u001b[31m  \u001b[1m● \u001b[22m\u001b[1mUpdate Transaction Helper › Should UnVoid Transfer Transaction Correctly\u001b[39m\u001b[22m\n\n    \u001b[2mexpect(\u001b[22m\u001b[31mjest.fn()\u001b[39m\u001b[2m).\u001b[22mtoHaveBeenCalledTimes\u001b[2m(\u001b[22m\u001b[32mexpected\u001b[39m\u001b[2m)\u001b[22m\n\n    Expected number of calls: \u001b[32m2\u001b[39m\n    Received number of calls: \u001b[31m0\u001b[39m\n\u001b[2m\u001b[22m\n\u001b[2m    \u001b[0m \u001b[90m 309 |\u001b[39m       updatedby\u001b[33m:\u001b[39m mockSession\u001b[33m.\u001b[39muser\u001b[33m.\u001b[39mid\u001b[33m,\u001b[39m\u001b[22m\n\u001b[2m     \u001b[90m 310 |\u001b[39m     })\u001b[33m;\u001b[39m\u001b[22m\n\u001b[2m    \u001b[31m\u001b[1m>\u001b[22m\u001b[2m\u001b[39m\u001b[90m 311 |\u001b[39m     expect(updateAccountBalance)\u001b[33m.\u001b[39mtoHaveBeenCalledTimes(\u001b[35m2\u001b[39m)\u001b[33m;\u001b[39m\u001b[22m\n\u001b[2m     \u001b[90m     |\u001b[39m                                  \u001b[31m\u001b[1m^\u001b[22m\u001b[2m\u001b[39m\u001b[22m\n\u001b[2m     \u001b[90m 312 |\u001b[39m     expect(updateAccountBalance)\u001b[33m.\u001b[39mtoHaveBeenCalledWith(\u001b[22m\n\u001b[2m     \u001b[90m 313 |\u001b[39m       originalTransferTransaction\u001b[33m.\u001b[39maccountid\u001b[33m,\u001b[39m\u001b[22m\n\u001b[2m     \u001b[90m 314 |\u001b[39m       originalTransferTransaction\u001b[33m.\u001b[39mamount\u001b[33m,\u001b[39m\u001b[0m\u001b[22m\n\u001b[2m\u001b[22m\n\u001b[2m      \u001b[2mat Object.toHaveBeenCalledTimes (\u001b[22m\u001b[2m\u001b[0m\u001b[36msrc/services/repositories/__tests__/Transactions.test.ts\u001b[39m\u001b[0m\u001b[2m:311:34)\u001b[22m\u001b[2m\u001b[22m\n\u001b[2m      \u001b[2mat asyncGeneratorStep (\u001b[22m\u001b[2mnode_modules/@babel/runtime/helpers/asyncToGenerator.js\u001b[2m:3:17)\u001b[22m\u001b[2m\u001b[22m\n\u001b[2m      \u001b[2mat _next (\u001b[22m\u001b[2mnode_modules/@babel/runtime/helpers/asyncToGenerator.js\u001b[2m:17:9)\u001b[22m\u001b[2m\u001b[22m\n\n\u001b[1m\u001b[31m  \u001b[1m● \u001b[22m\u001b[1mUpdate Transaction Helper › Should UnVoid and Update Amount Correctly\u001b[39m\u001b[22m\n\n    \u001b[2mexpect(\u001b[22m\u001b[31mjest.fn()\u001b[39m\u001b[2m).\u001b[22mtoHaveBeenCalledTimes\u001b[2m(\u001b[22m\u001b[32mexpected\u001b[39m\u001b[2m)\u001b[22m\n\n    Expected number of calls: \u001b[32m1\u001b[39m\n    Received number of calls: \u001b[31m0\u001b[39m\n\u001b[2m\u001b[22m\n\u001b[2m    \u001b[0m \u001b[90m 577 |\u001b[39m       updatedby\u001b[33m:\u001b[39m mockSession\u001b[33m.\u001b[39muser\u001b[33m.\u001b[39mid\u001b[33m,\u001b[39m\u001b[22m\n\u001b[2m     \u001b[90m 578 |\u001b[39m     })\u001b[33m;\u001b[39m\u001b[22m\n\u001b[2m    \u001b[31m\u001b[1m>\u001b[22m\u001b[2m\u001b[39m\u001b[90m 579 |\u001b[39m     expect(updateAccountBalance)\u001b[33m.\u001b[39mtoHaveBeenCalledTimes(\u001b[35m1\u001b[39m)\u001b[33m;\u001b[39m\u001b[22m\n\u001b[2m     \u001b[90m     |\u001b[39m                                  \u001b[31m\u001b[1m^\u001b[22m\u001b[2m\u001b[39m\u001b[22m\n\u001b[2m     \u001b[90m 580 |\u001b[39m     expect(updateAccountBalance)\u001b[33m.\u001b[39mtoHaveBeenCalledWith(formTransaction\u001b[33m.\u001b[39maccountid\u001b[33m,\u001b[39m formTransaction\u001b[33m.\u001b[39mamount)\u001b[33m;\u001b[39m \u001b[90m// New account adjustment\u001b[39m\u001b[22m\n\u001b[2m     \u001b[90m 581 |\u001b[39m   })\u001b[33m;\u001b[39m\u001b[22m\n\u001b[2m     \u001b[90m 582 |\u001b[39m   it(\u001b[32m\"Should UnVoid and Update Amount Correctly for Transfer\"\u001b[39m\u001b[33m,\u001b[39m \u001b[36masync\u001b[39m () \u001b[33m=>\u001b[39m {\u001b[0m\u001b[22m\n\u001b[2m\u001b[22m\n\u001b[2m      \u001b[2mat Object.toHaveBeenCalledTimes (\u001b[22m\u001b[2m\u001b[0m\u001b[36msrc/services/repositories/__tests__/Transactions.test.ts\u001b[39m\u001b[0m\u001b[2m:579:34)\u001b[22m\u001b[2m\u001b[22m\n\u001b[2m      \u001b[2mat asyncGeneratorStep (\u001b[22m\u001b[2mnode_modules/@babel/runtime/helpers/asyncToGenerator.js\u001b[2m:3:17)\u001b[22m\u001b[2m\u001b[22m\n\u001b[2m      \u001b[2mat _next (\u001b[22m\u001b[2mnode_modules/@babel/runtime/helpers/asyncToGenerator.js\u001b[2m:17:9)\u001b[22m\u001b[2m\u001b[22m\n\n\u001b[1m\u001b[31m  \u001b[1m● \u001b[22m\u001b[1mUpdate Transaction Helper › Should UnVoid and Update Amount Correctly for Transfer\u001b[39m\u001b[22m\n\n    \u001b[2mexpect(\u001b[22m\u001b[31mjest.fn()\u001b[39m\u001b[2m).\u001b[22mtoHaveBeenCalledTimes\u001b[2m(\u001b[22m\u001b[32mexpected\u001b[39m\u001b[2m)\u001b[22m\n\n    Expected number of calls: \u001b[32m2\u001b[39m\n    Received number of calls: \u001b[31m0\u001b[39m\n\u001b[2m\u001b[22m\n\u001b[2m    \u001b[0m \u001b[90m 605 |\u001b[39m     })\u001b[33m;\u001b[39m\u001b[22m\n\u001b[2m     \u001b[90m 606 |\u001b[39m\u001b[22m\n\u001b[2m    \u001b[31m\u001b[1m>\u001b[22m\u001b[2m\u001b[39m\u001b[90m 607 |\u001b[39m     expect(updateAccountBalance)\u001b[33m.\u001b[39mtoHaveBeenCalledTimes(\u001b[35m2\u001b[39m)\u001b[33m;\u001b[39m\u001b[22m\n\u001b[2m     \u001b[90m     |\u001b[39m                                  \u001b[31m\u001b[1m^\u001b[22m\u001b[2m\u001b[39m\u001b[22m\n\u001b[2m     \u001b[90m 608 |\u001b[39m     expect(updateAccountBalance)\u001b[33m.\u001b[39mtoHaveBeenCalledWith(originalTransferTransaction\u001b[33m.\u001b[39maccountid\u001b[33m,\u001b[39m formTransaction\u001b[33m.\u001b[39mamount)\u001b[33m;\u001b[39m \u001b[90m// New account adjustment\u001b[39m\u001b[22m\n\u001b[2m     \u001b[90m 609 |\u001b[39m     expect(updateAccountBalance)\u001b[33m.\u001b[39mtoHaveBeenCalledWith(\u001b[22m\n\u001b[2m     \u001b[90m 610 |\u001b[39m       originalTransferTransaction\u001b[33m.\u001b[39mtransferaccountid\u001b[33m,\u001b[39m\u001b[0m\u001b[22m\n\u001b[2m\u001b[22m\n\u001b[2m      \u001b[2mat Object.toHaveBeenCalledTimes (\u001b[22m\u001b[2m\u001b[0m\u001b[36msrc/services/repositories/__tests__/Transactions.test.ts\u001b[39m\u001b[0m\u001b[2m:607:34)\u001b[22m\u001b[2m\u001b[22m\n\u001b[2m      \u001b[2mat asyncGeneratorStep (\u001b[22m\u001b[2mnode_modules/@babel/runtime/helpers/asyncToGenerator.js\u001b[2m:3:17)\u001b[22m\u001b[2m\u001b[22m\n\u001b[2m      \u001b[2mat _next (\u001b[22m\u001b[2mnode_modules/@babel/runtime/helpers/asyncToGenerator.js\u001b[2m:17:9)\u001b[22m\u001b[2m\u001b[22m\n\n\u001b[1m\u001b[31m  \u001b[1m● \u001b[22m\u001b[1mUpdate Transaction Helper › Should UnVoid and Update Account's Correctly\u001b[39m\u001b[22m\n\n    \u001b[2mexpect(\u001b[22m\u001b[31mjest.fn()\u001b[39m\u001b[2m).\u001b[22mtoHaveBeenCalledTimes\u001b[2m(\u001b[22m\u001b[32mexpected\u001b[39m\u001b[2m)\u001b[22m\n\n    Expected number of calls: \u001b[32m1\u001b[39m\n    Received number of calls: \u001b[31m0\u001b[39m\n\u001b[2m\u001b[22m\n\u001b[2m    \u001b[0m \u001b[90m 627 |\u001b[39m       updatedby\u001b[33m:\u001b[39m mockSession\u001b[33m.\u001b[39muser\u001b[33m.\u001b[39mid\u001b[33m,\u001b[39m\u001b[22m\n\u001b[2m     \u001b[90m 628 |\u001b[39m     })\u001b[33m;\u001b[39m\u001b[22m\n\u001b[2m    \u001b[31m\u001b[1m>\u001b[22m\u001b[2m\u001b[39m\u001b[90m 629 |\u001b[39m     expect(updateAccountBalance)\u001b[33m.\u001b[39mtoHaveBeenCalledTimes(\u001b[35m1\u001b[39m)\u001b[33m;\u001b[39m\u001b[22m\n\u001b[2m     \u001b[90m     |\u001b[39m                                  \u001b[31m\u001b[1m^\u001b[22m\u001b[2m\u001b[39m\u001b[22m\n\u001b[2m     \u001b[90m 630 |\u001b[39m     expect(updateAccountBalance)\u001b[33m.\u001b[39mtoHaveBeenCalledWith(formTransaction\u001b[33m.\u001b[39maccountid\u001b[33m,\u001b[39m originalData\u001b[33m.\u001b[39mamount)\u001b[33m;\u001b[39m \u001b[90m// New account adjustment\u001b[39m\u001b[22m\n\u001b[2m     \u001b[90m 631 |\u001b[39m   })\u001b[33m;\u001b[39m\u001b[22m\n\u001b[2m     \u001b[90m 632 |\u001b[39m   it(\u001b[32m\"Should UnVoid and Update Account's Correctly for Transfer\"\u001b[39m\u001b[33m,\u001b[39m \u001b[36masync\u001b[39m () \u001b[33m=>\u001b[39m {\u001b[0m\u001b[22m\n\u001b[2m\u001b[22m\n\u001b[2m      \u001b[2mat Object.toHaveBeenCalledTimes (\u001b[22m\u001b[2m\u001b[0m\u001b[36msrc/services/repositories/__tests__/Transactions.test.ts\u001b[39m\u001b[0m\u001b[2m:629:34)\u001b[22m\u001b[2m\u001b[22m\n\u001b[2m      \u001b[2mat asyncGeneratorStep (\u001b[22m\u001b[2mnode_modules/@babel/runtime/helpers/asyncToGenerator.js\u001b[2m:3:17)\u001b[22m\u001b[2m\u001b[22m\n\u001b[2m      \u001b[2mat _next (\u001b[22m\u001b[2mnode_modules/@babel/runtime/helpers/asyncToGenerator.js\u001b[2m:17:9)\u001b[22m\u001b[2m\u001b[22m\n\n\u001b[1m\u001b[31m  \u001b[1m● \u001b[22m\u001b[1mUpdate Transaction Helper › Should UnVoid and Update Account's Correctly for Transfer\u001b[39m\u001b[22m\n\n    \u001b[2mexpect(\u001b[22m\u001b[31mjest.fn()\u001b[39m\u001b[2m).\u001b[22mtoHaveBeenCalledTimes\u001b[2m(\u001b[22m\u001b[32mexpected\u001b[39m\u001b[2m)\u001b[22m\n\n    Expected number of calls: \u001b[32m2\u001b[39m\n    Received number of calls: \u001b[31m0\u001b[39m\n\u001b[2m\u001b[22m\n\u001b[2m    \u001b[0m \u001b[90m 652 |\u001b[39m     })\u001b[33m;\u001b[39m\u001b[22m\n\u001b[2m     \u001b[90m 653 |\u001b[39m\u001b[22m\n\u001b[2m    \u001b[31m\u001b[1m>\u001b[22m\u001b[2m\u001b[39m\u001b[90m 654 |\u001b[39m     expect(updateAccountBalance)\u001b[33m.\u001b[39mtoHaveBeenCalledTimes(\u001b[35m2\u001b[39m)\u001b[33m;\u001b[39m\u001b[22m\n\u001b[2m     \u001b[90m     |\u001b[39m                                  \u001b[31m\u001b[1m^\u001b[22m\u001b[2m\u001b[39m\u001b[22m\n\u001b[2m     \u001b[90m 655 |\u001b[39m     expect(updateAccountBalance)\u001b[33m.\u001b[39mtoHaveBeenCalledWith(originalTransferTransaction\u001b[33m.\u001b[39maccountid\u001b[33m,\u001b[39m originalData\u001b[33m.\u001b[39mamount)\u001b[33m;\u001b[39m \u001b[90m// New account adjustment\u001b[39m\u001b[22m\n\u001b[2m     \u001b[90m 656 |\u001b[39m     expect(updateAccountBalance)\u001b[33m.\u001b[39mtoHaveBeenCalledWith(\u001b[22m\n\u001b[2m     \u001b[90m 657 |\u001b[39m       originalTransferTransaction\u001b[33m.\u001b[39mtransferaccountid\u001b[33m,\u001b[39m\u001b[0m\u001b[22m\n\u001b[2m\u001b[22m\n\u001b[2m      \u001b[2mat Object.toHaveBeenCalledTimes (\u001b[22m\u001b[2m\u001b[0m\u001b[36msrc/services/repositories/__tests__/Transactions.test.ts\u001b[39m\u001b[0m\u001b[2m:654:34)\u001b[22m\u001b[2m\u001b[22m\n\u001b[2m      \u001b[2mat asyncGeneratorStep (\u001b[22m\u001b[2mnode_modules/@babel/runtime/helpers/asyncToGenerator.js\u001b[2m:3:17)\u001b[22m\u001b[2m\u001b[22m\n\u001b[2m      \u001b[2mat _next (\u001b[22m\u001b[2mnode_modules/@babel/runtime/helpers/asyncToGenerator.js\u001b[2m:17:9)\u001b[22m\u001b[2m\u001b[22m\n\n\u001b[1m\u001b[31m  \u001b[1m● \u001b[22m\u001b[1mUpdate Transaction Helper › Should Void and Update Account Correctly\u001b[39m\u001b[22m\n\n    \u001b[2mexpect(\u001b[22m\u001b[31mjest.fn()\u001b[39m\u001b[2m).\u001b[22mtoHaveBeenCalledTimes\u001b[2m(\u001b[22m\u001b[32mexpected\u001b[39m\u001b[2m)\u001b[22m\n\n    Expected number of calls: \u001b[32m1\u001b[39m\n    Received number of calls: \u001b[31m2\u001b[39m\n\u001b[2m\u001b[22m\n\u001b[2m    \u001b[0m \u001b[90m 677 |\u001b[39m       updatedby\u001b[33m:\u001b[39m mockSession\u001b[33m.\u001b[39muser\u001b[33m.\u001b[39mid\u001b[33m,\u001b[39m\u001b[22m\n\u001b[2m     \u001b[90m 678 |\u001b[39m     })\u001b[33m;\u001b[39m\u001b[22m\n\u001b[2m    \u001b[31m\u001b[1m>\u001b[22m\u001b[2m\u001b[39m\u001b[90m 679 |\u001b[39m     expect(updateAccountBalance)\u001b[33m.\u001b[39mtoHaveBeenCalledTimes(\u001b[35m1\u001b[39m)\u001b[33m;\u001b[39m\u001b[22m\n\u001b[2m     \u001b[90m     |\u001b[39m                                  \u001b[31m\u001b[1m^\u001b[22m\u001b[2m\u001b[39m\u001b[22m\n\u001b[2m     \u001b[90m 680 |\u001b[39m     expect(updateAccountBalance)\u001b[33m.\u001b[39mtoHaveBeenCalledWith(originalTransaction\u001b[33m.\u001b[39maccountid\u001b[33m,\u001b[39m \u001b[33m-\u001b[39moriginalTransaction\u001b[33m.\u001b[39mamount)\u001b[33m;\u001b[39m \u001b[90m// Original account adjustment\u001b[39m\u001b[22m\n\u001b[2m     \u001b[90m 681 |\u001b[39m   })\u001b[33m;\u001b[39m\u001b[22m\n\u001b[2m     \u001b[90m 682 |\u001b[39m   it(\u001b[32m\"Should Void and Update Transfer Account Correctly\"\u001b[39m\u001b[33m,\u001b[39m \u001b[36masync\u001b[39m () \u001b[33m=>\u001b[39m {\u001b[0m\u001b[22m\n\u001b[2m\u001b[22m\n\u001b[2m      \u001b[2mat Object.toHaveBeenCalledTimes (\u001b[22m\u001b[2m\u001b[0m\u001b[36msrc/services/repositories/__tests__/Transactions.test.ts\u001b[39m\u001b[0m\u001b[2m:679:34)\u001b[22m\u001b[2m\u001b[22m\n\u001b[2m      \u001b[2mat asyncGeneratorStep (\u001b[22m\u001b[2mnode_modules/@babel/runtime/helpers/asyncToGenerator.js\u001b[2m:3:17)\u001b[22m\u001b[2m\u001b[22m\n\u001b[2m      \u001b[2mat _next (\u001b[22m\u001b[2mnode_modules/@babel/runtime/helpers/asyncToGenerator.js\u001b[2m:17:9)\u001b[22m\u001b[2m\u001b[22m\n\n\u001b[1m\u001b[31m  \u001b[1m● \u001b[22m\u001b[1mUpdate Transaction Helper › Should Void and Update Transfer Account Correctly\u001b[39m\u001b[22m\n\n    \u001b[2mexpect(\u001b[22m\u001b[31mjest.fn()\u001b[39m\u001b[2m).\u001b[22mtoHaveBeenCalledTimes\u001b[2m(\u001b[22m\u001b[32mexpected\u001b[39m\u001b[2m)\u001b[22m\n\n    Expected number of calls: \u001b[32m2\u001b[39m\n    Received number of calls: \u001b[31m3\u001b[39m\n\u001b[2m\u001b[22m\n\u001b[2m    \u001b[0m \u001b[90m 704 |\u001b[39m     })\u001b[33m;\u001b[39m\u001b[22m\n\u001b[2m     \u001b[90m 705 |\u001b[39m\u001b[22m\n\u001b[2m    \u001b[31m\u001b[1m>\u001b[22m\u001b[2m\u001b[39m\u001b[90m 706 |\u001b[39m     expect(updateAccountBalance)\u001b[33m.\u001b[39mtoHaveBeenCalledTimes(\u001b[35m2\u001b[39m)\u001b[33m;\u001b[39m\u001b[22m\n\u001b[2m     \u001b[90m     |\u001b[39m                                  \u001b[31m\u001b[1m^\u001b[22m\u001b[2m\u001b[39m\u001b[22m\n\u001b[2m     \u001b[90m 707 |\u001b[39m     expect(updateAccountBalance)\u001b[33m.\u001b[39mtoHaveBeenCalledWith(\u001b[22m\n\u001b[2m     \u001b[90m 708 |\u001b[39m       originalTransferTransaction\u001b[33m.\u001b[39maccountid\u001b[33m,\u001b[39m\u001b[22m\n\u001b[2m     \u001b[90m 709 |\u001b[39m      
[...]
us":"passed","title":"should detect same account transfer"},{"ancestorTitles":["RuntimeValidator","validateUpdate"],"duration":1,"failureDetails":[],"failureMessages":[],"fullName":"RuntimeValidator validateUpdate should validate valid account update","invocations":1,"location":null,"numPassingAsserts":2,"retryReasons":[],"status":"passed","title":"should validate valid account update"},{"ancestorTitles":["RuntimeValidator","validateUpdate"],"duration":1,"failureDetails":[],"failureMessages":[],"fullName":"RuntimeValidator validateUpdate should validate partial updates","invocations":1,"location":null,"numPassingAsserts":1,"retryReasons":[],"status":"passed","title":"should validate partial updates"},{"ancestorTitles":["RuntimeValidator","validateUpdate"],"duration":1,"failureDetails":[],"failureMessages":[],"fullName":"RuntimeValidator validateUpdate should detect invalid currency in update","invocations":1,"location":null,"numPassingAsserts":2,"retryReasons":[],"status":"passed","title":"should detect invalid currency in update"},{"ancestorTitles":["RuntimeValidator","validateDelete"],"duration":1,"failureDetails":[],"failureMessages":[],"fullName":"RuntimeValidator validateDelete should validate deletion of existing record","invocations":1,"location":null,"numPassingAsserts":1,"retryReasons":[],"status":"passed","title":"should validate deletion of existing record"},{"ancestorTitles":["RuntimeValidator","validateDelete"],"duration":1,"failureDetails":[],"failureMessages":[],"fullName":"RuntimeValidator validateDelete should detect deletion of non-existent record","invocations":1,"location":null,"numPassingAsserts":2,"retryReasons":[],"status":"passed","title":"should detect deletion of non-existent record"},{"ancestorTitles":["RuntimeValidator","validateDelete"],"duration":3,"failureDetails":[],"failureMessages":[],"fullName":"RuntimeValidator validateDelete should warn about dependent records","invocations":1,"location":null,"numPassingAsserts":3,"retryReasons":[],"status":"passed","title":"should warn about dependent records"},{"ancestorTitles":["RuntimeValidator","business rule validation"],"duration":1,"failureDetails":[],"failureMessages":[],"fullName":"RuntimeValidator business rule validation should warn about negative account balance","invocations":1,"location":null,"numPassingAsserts":2,"retryReasons":[],"status":"passed","title":"should warn about negative account balance"},{"ancestorTitles":["RuntimeValidator","business rule validation"],"duration":2,"failureDetails":[],"failureMessages":[],"fullName":"RuntimeValidator business rule validation should warn about zero transaction amount","invocations":1,"location":null,"numPassingAsserts":2,"retryReasons":[],"status":"passed","title":"should warn about zero transaction amount"},{"ancestorTitles":["RuntimeValidator","business rule validation"],"duration":1,"failureDetails":[],"failureMessages":[],"fullName":"RuntimeValidator business rule validation should validate recurring transaction rules","invocations":1,"location":null,"numPassingAsserts":1,"retryReasons":[],"status":"passed","title":"should validate recurring transaction rules"},{"ancestorTitles":["RuntimeValidator","business rule validation"],"duration":1,"failureDetails":[],"failureMessages":[],"fullName":"RuntimeValidator business rule validation should detect invalid recurring end date","invocations":1,"location":null,"numPassingAsserts":2,"retryReasons":[],"status":"passed","title":"should detect invalid recurring end date"},{"ancestorTitles":["RuntimeValidator","validation options"],"duration":1,"failureDetails":[],"failureMessages":[],"fullName":"RuntimeValidator validation options should skip foreign key validation when requested","invocations":1,"location":null,"numPassingAsserts":1,"retryReasons":[],"status":"passed","title":"should skip foreign key validation when requested"},{"ancestorTitles":["RuntimeValidator","validation options"],"duration":1,"failureDetails":[],"failureMessages":[],"fullName":"RuntimeValidator validation options should skip type validation when requested","invocations":1,"location":null,"numPassingAsserts":1,"retryReasons":[],"status":"passed","title":"should skip type validation when requested"},{"ancestorTitles":["RuntimeValidator","batch validation"],"duration":5,"failureDetails":[],"failureMessages":[],"fullName":"RuntimeValidator batch validation should validate multiple records","invocations":1,"location":null,"numPassingAsserts":2,"retryReasons":[],"status":"passed","title":"should validate multiple records"},{"ancestorTitles":["RuntimeValidator","batch validation"],"duration":1,"failureDetails":[],"failureMessages":[],"fullName":"RuntimeValidator batch validation should detect errors in batch validation","invocations":1,"location":null,"numPassingAsserts":3,"retryReasons":[],"status":"passed","title":"should detect errors in batch validation"}],"endTime":1755212414883,"message":"","name":"D:\\Workfolio\\Projects\\Budgeteer\\src\\services\\storage\\schema\\__tests__\\RuntimeValidator.test.ts","startTime":1755212414760,"status":"passed","summary":""},{"assertionResults":[{"ancestorTitles":["SchemaMigrationBase","migrate"],"duration":2,"failureDetails":[],"failureMessages":[],"fullName":"SchemaMigrationBase migrate should run up migrations to target version","invocations":1,"location":null,"numPassingAsserts":5,"retryReasons":[],"status":"passed","title":"should run up migrations to target version"},{"ancestorTitles":["SchemaMigrationBase","migrate"],"duration":1,"failureDetails":[],"failureMessages":[],"fullName":"SchemaMigrationBase migrate should run down migrations when target is lower","invocations":1,"location":null,"numPassingAsserts":4,"retryReasons":[],"status":"passed","title":"should run down migrations when target is lower"},{"ancestorTitles":["SchemaMigrationBase","migrate"],"duration":1,"failureDetails":[],"failureMessages":[],"fullName":"SchemaMigrationBase migrate should handle migration errors gracefully","invocations":1,"location":null,"numPassingAsserts":2,"retryReasons":[],"status":"passed","title":"should handle migration errors gracefully"},{"ancestorTitles":["SchemaMigrationBase","migrate"],"duration":1,"failureDetails":[],"failureMessages":[],"fullName":"SchemaMigrationBase migrate should not migrate if already at target version","invocations":1,"location":null,"numPassingAsserts":2,"retryReasons":[],"status":"passed","title":"should not migrate if already at target version"},{"ancestorTitles":["SchemaMigrationBase","validateSchema"],"duration":2,"failureDetails":[],"failureMessages":[],"fullName":"SchemaMigrationBase validateSchema should validate schema successfully after migration","invocations":1,"location":null,"numPassingAsserts":2,"retryReasons":[],"status":"passed","title":"should validate schema successfully after migration"},{"ancestorTitles":["SchemaMigrationBase","validateSchema"],"duration":1,"failureDetails":[],"failureMessages":[],"fullName":"SchemaMigrationBase validateSchema should detect missing tables","invocations":1,"location":null,"numPassingAsserts":3,"retryReasons":[],"status":"passed","title":"should detect missing tables"},{"ancestorTitles":["SchemaMigrationBase","getMigrationHistory"],"duration":3,"failureDetails":[],"failureMessages":[],"fullName":"SchemaMigrationBase getMigrationHistory should track migration history","invocations":1,"location":null,"numPassingAsserts":5,"retryReasons":[],"status":"passed","title":"should track migration history"},{"ancestorTitles":["Migration Factory and Classes"],"duration":11,"failureDetails":[],"failureMessages":[],"fullName":"Migration Factory and Classes should test migration factory concept","invocations":1,"location":null,"numPassingAsserts":3,"retryReasons":[],"status":"passed","title":"should test migration factory concept"},{"ancestorTitles":["Migration Factory and Classes"],"duration":2,"failureDetails":[],"failureMessages":[],"fullName":"Migration Factory and Classes should test migration concepts","invocations":1,"location":null,"numPassingAsserts":4,"retryReasons":[],"status":"passed","title":"should test migration concepts"},{"ancestorTitles":["Migration Factory and Classes"],"duration":1,"failureDetails":[],"failureMessages":[],"fullName":"Migration Factory and Classes should test schema validation concepts","invocations":1,"location":null,"numPassingAsserts":3,"retryReasons":[],"status":"passed","title":"should test schema validation concepts"}],"endTime":1755212415024,"message":"","name":"D:\\Workfolio\\Projects\\Budgeteer\\src\\services\\storage\\schema\\__tests__\\SchemaMigration.test.ts","startTime":1755212414908,"status":"passed","summary":""},{"assertionResults":[{"ancestorTitles":["Simple End-to-End Integration Tests","Test Framework Validation"],"duration":2,"failureDetails":[],"failureMessages":[],"fullName":"Simple End-to-End Integration Tests Test Framework Validation should have proper test environment setup","invocations":1,"location":null,"numPassingAsserts":3,"retryReasons":[],"status":"passed","title":"should have proper test environment setup"},{"ancestorTitles":["Simple End-to-End Integration Tests","Test Framework Validation"],"duration":3,"failureDetails":[],"failureMessages":[],"fullName":"Simple End-to-End Integration Tests Test Framework Validation should have working Jest configuration","invocations":1,"location":null,"numPassingAsserts":3,"retryReasons":[],"status":"passed","title":"should have working Jest configuration"},{"ancestorTitles":["Simple End-to-End Integration Tests","Test Framework Validation"],"duration":6,"failureDetails":[],"failureMessages":[],"fullName":"Simple End-to-End Integration Tests Test Framework Validation should have proper mock setup","invocations":1,"location":null,"numPassingAsserts":3,"retryReasons":[],"status":"passed","title":"should have proper mock setup"},{"ancestorTitles":["Simple End-to-End Integration Tests","Mock Storage Operations"],"duration":1,"failureDetails":[],"failureMessages":[],"fullName":"Simple End-to-End Integration Tests Mock Storage Operations should simulate account operations","invocations":1,"location":null,"numPassingAsserts":5,"retryReasons":[],"status":"passed","title":"should simulate account operations"},{"ancestorTitles":["Simple End-to-End Integration Tests","Mock Storage Operations"],"duration":1,"failureDetails":[],"failureMessages":[],"fullName":"Simple End-to-End Integration Tests Mock Storage Operations should simulate transaction operations","invocations":1,"location":null,"numPassingAsserts":3,"retryReasons":[],"status":"passed","title":"should simulate transaction operations"},{"ancestorTitles":["Simple End-to-End Integration Tests","Storage Mode Simulation"],"duration":1,"failureDetails":[],"failureMessages":[],"fullName":"Simple End-to-End Integration Tests Storage Mode Simulation should simulate mode switching","invocations":1,"location":null,"numPassingAsserts":4,"retryReasons":[],"status":"passed","title":"should simulate mode switching"},{"ancestorTitles":["Simple End-to-End Integration Tests","Storage Mode Simulation"],"duration":1,"failureDetails":[],"failureMessages":[],"fullName":"Simple End-to-End Integration Tests Storage Mode Simulation should simulate data isolation between modes","invocations":1,"location":null,"numPassingAsserts":3,"retryReasons":[],"status":"passed","title":"should simulate data isolation between modes"},{"ancestorTitles":["Simple End-to-End Integration Tests","Error Handling Simulation"],"duration":1,"failureDetails":[],"failureMessages":[],"fullName":"Simple End-to-End Integration Tests Error Handling Simulation should handle provider errors","invocations":1,"location":null,"numPassingAsserts":2,"retryReasons":[],"status":"passed","title":"should handle provider errors"},{"ancestorTitles":["Simple End-to-End Integration Tests","Error Handling Simulation"],"duration":2,"failureDetails":[],"failureMessages":[],"fullName":"Simple End-to-End Integration Tests Error Handling Simulation should handle network errors","invocations":1,"location":null,"numPassingAsserts":1,"retryReasons":[],"status":"passed","title":"should handle network errors"},{"ancestorTitles":["Simple End-to-End Integration Tests","Performance Simulation"],"duration":1,"failureDetails":[],"failureMessages":[],"fullName":"Simple End-to-End Integration Tests Performance Simulation should handle large dataset operations","invocations":1,"location":null,"numPassingAsserts":3,"retryReasons":[],"status":"passed","title":"should handle large dataset operations"},{"ancestorTitles":["Simple End-to-End Integration Tests","Performance Simulation"],"duration":2,"failureDetails":[],"failureMessages":[],"fullName":"Simple End-to-End Integration Tests Performance Simulation should handle concurrent operations","invocations":1,"location":null,"numPassingAsserts":22,"retryReasons":[],"status":"passed","title":"should handle concurrent operations"},{"ancestorTitles":["Simple End-to-End Integration Tests","Integration Workflow Simulation"],"duration":5,"failureDetails":[],"failureMessages":[],"fullName":"Simple End-to-End Integration Tests Integration Workflow Simulation should simulate complete user workflow","invocations":1,"location":null,"numPassingAsserts":3,"retryReasons":[],"status":"passed","title":"should simulate complete user workflow"},{"ancestorTitles":["Simple End-to-End Integration Tests","Integration Workflow Simulation"],"duration":1,"failureDetails":[],"failureMessages":[],"fullName":"Simple End-to-End Integration Tests Integration Workflow Simulation should validate data consistency across operations","invocations":1,"location":null,"numPassingAsserts":2,"retryReasons":[],"status":"passed","title":"should validate data consistency across operations"}],"endTime":1755212415158,"message":"","name":"D:\\Workfolio\\Projects\\Budgeteer\\src\\__tests__\\e2e\\SimpleEndToEnd.test.ts","startTime":1755212415046,"status":"passed","summary":""},{"assertionResults":[],"coverage":{},"endTime":1755212424050,"message":"  \u001b[1m● \u001b[22mTest suite failed to run\n\n    TypeError: this.storageManager.setModeChangeCallback is not a function\n\n    \u001b[0m \u001b[90m 26 |\u001b[39m     \u001b[36mthis\u001b[39m\u001b[33m.\u001b[39mstorageManager \u001b[33m=\u001b[39m \u001b[33mStorageModeManager\u001b[39m\u001b[33m.\u001b[39mgetInstance()\u001b[33m;\u001b[39m\n     \u001b[90m 27 |\u001b[39m     \u001b[90m// Register callback to clear repositories when storage mode changes\u001b[39m\n    \u001b[31m\u001b[1m>\u001b[22m\u001b[39m\u001b[90m 28 |\u001b[39m     \u001b[36mthis\u001b[39m\u001b[33m.\u001b[39mstorageManager\u001b[33m.\u001b[39msetModeChangeCallback(() \u001b[33m=>\u001b[39m \u001b[36mthis\u001b[39m\u001b[33m.\u001b[39mclearRepositories())\u001b[33m;\u001b[39m\n     \u001b[90m    |\u001b[39m                         \u001b[31m\u001b[1m^\u001b[22m\u001b[39m\n     \u001b[90m 29 |\u001b[39m   }\n     \u001b[90m 30 |\u001b[39m   \n     \u001b[90m 31 |\u001b[39m   \u001b[36mpublic\u001b[39m \u001b[36mstatic\u001b[39m getInstance()\u001b[33m:\u001b[39m \u001b[33mRepositoryManager\u001b[39m {\u001b[0m\n\n      \u001b[2mat new setModeChangeCallback (\u001b[22msrc/services/apis/repositories/RepositoryManager.ts\u001b[2m:28:25)\u001b[22m\n      \u001b[2mat Function.getInstance (\u001b[22msrc/services/apis/repositories/RepositoryManager.ts\u001b[2m:33:36)\u001b[22m\n      \u001b[2mat Object.getInstance (\u001b[22msrc/services/apis/Accounts.repository.ts\u001b[2m:7:45)\u001b[22m\n      \u001b[2mat Object.require (\u001b[22msrc/services/repositories/Accounts.Service.ts\u001b[2m:5:1)\u001b[22m\n      \u001b[2mat Object.require (\u001b[22m\u001b[0m\u001b[36msrc/services/repositories/__tests__/QueryInvalidation.test.ts\u001b[39m\u001b[0m\u001b[2m:14:1)\u001b[22m\n","name":"D:\\Workfolio\\Projects\\Budgeteer\\src\\services\\repositories\\__tests__\\QueryInvalidation.test.ts","startTime":1755212424050,"status":"failed","summary":""},{"assertionResults":[],"coverage":{},"endTime":1755212424050,"message":"  \u001b[1m● \u001b[22mTest suite failed to run\n\n    TypeError: this.storageManager.setModeChangeCallback is not a function\n\n    \u001b[0m \u001b[90m 26 |\u001b[39m     \u001b[36mthis\u001b[39m\u001b[33m.\u001b[39mstorageManager \u001b[33m=\u001b[39m \u001b[33mStorageModeManager\u001b[39m\u001b[33m.\u001b[39mgetInstance()\u001b[33m;\u001b[39m\n     \u001b[90m 27 |\u001b[39m     \u001b[90m// Register callback to clear repositories when storage mode changes\u001b[39m\n    \u001b[31m\u001b[1m>\u001b[22m\u001b[39m\u001b[90m 28 |\u001b[39m     \u001b[36mthis\u001b[39m\u001b[33m.\u001b[39mstorageManager\u001b[33m.\u001b[39msetModeChangeCallback(() \u001b[33m=>\u001b[39m \u001b[36mthis\u001b[39m\u001b[33m.\u001b[39mclearRepositories())\u001b[33m;\u001b[39m\n     \u001b[90m    |\u001b[39m                         \u001b[31m\u001b[1m^\u001b[22m\u001b[39m\n     \u001b[90m 29 |\u001b[39m   }\n     \u001b[90m 30 |\u001b[39m   \n     \u001b[90m 31 |\u001b[39m   \u001b[36mpublic\u001b[39m \u001b[36mstatic\u001b[39m getInstance()\u001b[33m:\u001b[39m \u001b[33mRepositoryManager\u001b[39m {\u001b[0m\n\n      \u001b[2mat new setModeChangeCallback (\u001b[22msrc/services/apis/repositories/RepositoryManager.ts\u001b[2m:28:25)\u001b[22m\n      \u001b[2mat Function.getInstance (\u001b[22msrc/services/apis/repositories/RepositoryManager.ts\u001b[2m:33:36)\u001b[22m\n      \u001b[2mat Object.getInstance (\u001b[22msrc/services/apis/Accounts.repository.ts\u001b[2m:7:45)\u001b[22m\n      \u001b[2mat Object.require (\u001b[22msrc/services/repositories/Accounts.Service.ts\u001b[2m:5:1)\u001b[22m\n      \u001b[2mat Object.require (\u001b[22m\u001b[0m\u001b[36msrc/services/repositories/__tests__/QueryCaching.test.ts\u001b[39m\u001b[0m\u001b[2m:12:1)\u001b[22m\n","name":"D:\\Workfolio\\Projects\\Budgeteer\\src\\services\\repositories\\__tests__\\QueryCaching.test.ts","startTime":1755212424050,"status":"failed","summary":""},{"assertionResults":[],"coverage":{},"endTime":1755212424050,"message":"  \u001b[1m● \u001b[22mTest suite failed to run\n\n    TypeError: this.storageManager.setModeChangeCallback is not a function\n\n    \u001b[0m \u001b[90m 26 |\u001b[39m     \u001b[36mthis\u001b[39m\u001b[33m.\u001b[39mstorageManager \u001b[33m=\u001b[39m \u001b[33mStorageModeManager\u001b[39m\u001b[33m.\u001b[39mgetInstance()\u001b[33m;\u001b[39m\n     \u001b[90m 27 |\u001b[39m     \u001b[90m// Register callback to clear repositories when storage mode changes\u001b[39m\n    \u001b[31m\u001b[1m>\u001b[22m\u001b[39m\u001b[90m 28 |\u001b[39m     \u001b[36mthis\u001b[39m\u001b[33m.\u001b[39mstorageManager\u001b[33m.\u001b[39msetModeChangeCallback(() \u001b[33m=>\u001b[39m \u001b[36mthis\u001b[39m\u001b[33m.\u001b[39mclearRepositories())\u001b[33m;\u001b[39m\n     \u001b[90m    |\u001b[39m                         \u001b[31m\u001b[1m^\u001b[22m\u001b[39m\n     \u001b[90m 29 |\u001b[39m   }\n     \u001b[90m 30 |\u001b[39m   \n     \u001b[90m 31 |\u001b[39m   \u001b[36mpublic\u001b[39m \u001b[36mstatic\u001b[39m getInstance()\u001b[33m:\u001b[39m \u001b[33mRepositoryManager\u001b[39m {\u001b[0m\n\n      \u001b[2mat new setModeChangeCallback (\u001b[22msrc/services/apis/repositories/RepositoryManager.ts\u001b[2m:28:25)\u001b[22m\n      \u001b[2mat Function.getInstance (\u001b[22msrc/services/apis/repositories/RepositoryManager.ts\u001b[2m:33:36)\u001b[22m\n      \u001b[2mat Object.getInstance (\u001b[22msrc/services/apis/Accounts.repository.ts\u001b[2m:7:45)\u001b[22m\n      \u001b[2mat Object.require (\u001b[22msrc/services/repositories/Accounts.Service.ts\u001b[2m:5:1)\u001b[22m\n      \u001b[2mat Object.require (\u001b[22m\u001b[0m\u001b[36msrc/services/repositories/__tests__/ErrorHandling.test.ts\u001b[39m\u001b[0m\u001b[2m:13:1)\u001b[22m\n","name":"D:\\Workfolio\\Projects\\Budgeteer\\src\\services\\repositories\\__tests__\\ErrorHandling.test.ts","startTime":1755212424050,"status":"failed","summary":""}],"wasInterrupted":false}
